[ 2015-10-07T00:45:52+08:00 ] 127.0.0.1 /ssq_yzm_thinkphp/index.php/index/verify
INFO: [ route_check ] --START--
INFO: Run CheckRoute Behavior [ RunTime:0.004260s ]
INFO: [ route_check ] --END-- [ RunTime:0.008965s ]
INFO: [ app_begin ] --START--
INFO: Run ReadHtmlCache Behavior [ RunTime:0.003502s ]
INFO: [ app_begin ] --END-- [ RunTime:0.003965s ]
NOTIC: [8] Use of undefined constant png - assumed 'png' /storage/emulated/legacy/www/ssq_yzm_thinkphp/Lib/Action/indexAction.class.php 第 9 行.

[ 2015-10-07T00:45:59+08:00 ] ERR: [1] Call to undefined function imagettftext() /storage/emulated/legacy/www/ssq_yzm_thinkphp/ThinkPHP/Extend/Library/ORG/Util/Image.class.php 第 433 行.
[ 2015-10-07T00:46:22+08:00 ] 127.0.0.1 /ssq_yzm_thinkphp/index.php/index/verify
INFO: [ route_check ] --START--
INFO: Run CheckRoute Behavior [ RunTime:0.002283s ]
INFO: [ route_check ] --END-- [ RunTime:0.002490s ]
INFO: [ app_begin ] --START--
INFO: Run ReadHtmlCache Behavior [ RunTime:0.001433s ]
INFO: [ app_begin ] --END-- [ RunTime:0.001581s ]
NOTIC: [8] Use of undefined constant png - assumed 'png' /storage/emulated/legacy/www/ssq_yzm_thinkphp/Lib/Action/indexAction.class.php 第 9 行.

[ 2015-10-07T00:53:41+08:00 ] 127.0.0.1 /ssq_yzm_thinkphp/index.php/index/verify
INFO: [ route_check ] --START--
INFO: Run CheckRoute Behavior [ RunTime:0.005507s ]
INFO: [ route_check ] --END-- [ RunTime:0.005859s ]
INFO: [ app_begin ] --START--
INFO: Run ReadHtmlCache Behavior [ RunTime:0.003398s ]
INFO: [ app_begin ] --END-- [ RunTime:0.003645s ]
NOTIC: [8] Use of undefined constant png - assumed 'png' /storage/emulated/legacy/www/ssq_yzm_thinkphp/Lib/Action/indexAction.class.php 第 9 行.

[ 2015-10-07T00:53:48+08:00 ] ERR: [1] Call to undefined function imagettftext() /storage/emulated/legacy/www/ssq_yzm_thinkphp/ThinkPHP/Extend/Library/ORG/Util/Image.class.php 第 433 行.
[ 2015-10-07T00:54:05+08:00 ] 127.0.0.1 /ssq_yzm_thinkphp/index.php/index/verify
INFO: [ route_check ] --START--
INFO: Run CheckRoute Behavior [ RunTime:0.005030s ]
INFO: [ route_check ] --END-- [ RunTime:0.005352s ]
INFO: [ app_begin ] --START--
INFO: Run ReadHtmlCache Behavior [ RunTime:0.003783s ]
INFO: [ app_begin ] --END-- [ RunTime:0.003994s ]
NOTIC: [8] Use of undefined constant png - assumed 'png' /storage/emulated/legacy/www/ssq_yzm_thinkphp/Lib/Action/indexAction.class.php 第 9 行.

