[ 2015-10-08T17:31:47+08:00 ] 127.0.0.1 /ssq_yzm_thinkphp/
INFO: [ app_begin ] --START--
INFO: Run ReadHtmlCache Behavior [ RunTime:0.004169s ]
INFO: [ app_begin ] --END-- [ RunTime:0.010145s ]
INFO: [ view_parse ] --START--
INFO: Run ParseTemplate Behavior [ RunTime:0.003689s ]
INFO: [ view_parse ] --END-- [ RunTime:0.003909s ]
INFO: [ view_filter ] --START--
INFO: Run ContentReplace Behavior [ RunTime:0.001519s ]
INFO: Run TokenBuild Behavior [ RunTime:0.001530s ]
INFO: Run WriteHtmlCache Behavior [ RunTime:0.001218s ]
INFO: Run ShowRuntime Behavior [ RunTime:0.004018s ]
INFO: [ view_filter ] --END-- [ RunTime:0.008813s ]
INFO: [ view_end ] --START--
INFO: Run ShowPageTrace Behavior [ RunTime:0.003530s ]
INFO: [ view_end ] --END-- [ RunTime:0.003732s ]

[ 2015-10-08T17:32:02+08:00 ] 127.0.0.1 /ssq_yzm_thinkphp/index.php/index/verify
INFO: [ route_check ] --START--
INFO: Run CheckRoute Behavior [ RunTime:0.004959s ]
INFO: [ route_check ] --END-- [ RunTime:0.005422s ]
INFO: [ app_begin ] --START--
INFO: Run ReadHtmlCache Behavior [ RunTime:0.001916s ]
INFO: [ app_begin ] --END-- [ RunTime:0.002772s ]
NOTIC: [8] Use of undefined constant png - assumed 'png' /storage/emulated/legacy/www/ssq_yzm_thinkphp/Lib/Action/indexAction.class.php 第 9 行.

[ 2015-10-08T17:32:43+08:00 ] 127.0.0.1 /ssq_yzm_thinkphp/index.php/index/verify
INFO: [ route_check ] --START--
INFO: Run CheckRoute Behavior [ RunTime:0.002154s ]
INFO: [ route_check ] --END-- [ RunTime:0.002360s ]
INFO: [ app_begin ] --START--
INFO: Run ReadHtmlCache Behavior [ RunTime:0.001524s ]
INFO: [ app_begin ] --END-- [ RunTime:0.001682s ]
NOTIC: [8] Use of undefined constant png - assumed 'png' /storage/emulated/legacy/www/ssq_yzm_thinkphp/Lib/Action/indexAction.class.php 第 9 行.

[ 2015-10-08T17:33:05+08:00 ] 127.0.0.1 /ssq_yzm_thinkphp/index.php/index/verify
INFO: [ route_check ] --START--
INFO: Run CheckRoute Behavior [ RunTime:0.002720s ]
INFO: [ route_check ] --END-- [ RunTime:0.002928s ]
INFO: [ app_begin ] --START--
INFO: Run ReadHtmlCache Behavior [ RunTime:0.002479s ]
INFO: [ app_begin ] --END-- [ RunTime:0.002656s ]
NOTIC: [8] Use of undefined constant png - assumed 'png' /storage/emulated/legacy/www/ssq_yzm_thinkphp/Lib/Action/indexAction.class.php 第 9 行.

[ 2015-10-08T18:37:52+08:00 ] 127.0.0.1 /ssq_yzm_thinkphp/
INFO: [ app_begin ] --START--
INFO: Run ReadHtmlCache Behavior [ RunTime:0.006269s ]
INFO: [ app_begin ] --END-- [ RunTime:0.011724s ]
INFO: [ view_parse ] --START--
INFO: Run ParseTemplate Behavior [ RunTime:0.008633s ]
INFO: [ view_parse ] --END-- [ RunTime:0.009043s ]
INFO: [ view_filter ] --START--
INFO: Run ContentReplace Behavior [ RunTime:0.006519s ]
INFO: Run TokenBuild Behavior [ RunTime:0.007184s ]
INFO: Run WriteHtmlCache Behavior [ RunTime:0.002719s ]
INFO: Run ShowRuntime Behavior [ RunTime:0.008989s ]
INFO: [ view_filter ] --END-- [ RunTime:0.029171s ]
INFO: [ view_end ] --START--
INFO: Run ShowPageTrace Behavior [ RunTime:0.007943s ]
INFO: [ view_end ] --END-- [ RunTime:0.008280s ]

[ 2015-10-08T18:37:58+08:00 ] 127.0.0.1 /ssq_yzm_thinkphp/index.php/index/verify
INFO: [ route_check ] --START--
INFO: Run CheckRoute Behavior [ RunTime:0.005532s ]
INFO: [ route_check ] --END-- [ RunTime:0.005815s ]
INFO: [ app_begin ] --START--
INFO: Run ReadHtmlCache Behavior [ RunTime:0.002643s ]
INFO: [ app_begin ] --END-- [ RunTime:0.002908s ]
NOTIC: [8] Use of undefined constant png - assumed 'png' /storage/emulated/legacy/www/ssq_yzm_thinkphp/Lib/Action/indexAction.class.php 第 9 行.

[ 2015-10-08T18:53:49+08:00 ] 127.0.0.1 /ssq_yzm_thinkphp/
INFO: [ app_begin ] --START--
INFO: Run ReadHtmlCache Behavior [ RunTime:0.009101s ]
INFO: [ app_begin ] --END-- [ RunTime:0.014439s ]
INFO: [ view_parse ] --START--
INFO: Run ParseTemplate Behavior [ RunTime:0.004850s ]
INFO: [ view_parse ] --END-- [ RunTime:0.005074s ]
INFO: [ view_filter ] --START--
INFO: Run ContentReplace Behavior [ RunTime:0.009209s ]
INFO: Run TokenBuild Behavior [ RunTime:0.003852s ]
INFO: Run WriteHtmlCache Behavior [ RunTime:0.002162s ]
INFO: Run ShowRuntime Behavior [ RunTime:0.008480s ]
INFO: [ view_filter ] --END-- [ RunTime:0.024590s ]
INFO: [ view_end ] --START--
INFO: Run ShowPageTrace Behavior [ RunTime:0.003003s ]
INFO: [ view_end ] --END-- [ RunTime:0.003205s ]

[ 2015-10-08T18:53:56+08:00 ] 127.0.0.1 /ssq_yzm_thinkphp/index.php/index/verify
INFO: [ route_check ] --START--
INFO: Run CheckRoute Behavior [ RunTime:0.012820s ]
INFO: [ route_check ] --END-- [ RunTime:0.013254s ]
INFO: [ app_begin ] --START--
INFO: Run ReadHtmlCache Behavior [ RunTime:0.003129s ]
INFO: [ app_begin ] --END-- [ RunTime:0.003934s ]
NOTIC: [8] Use of undefined constant png - assumed 'png' /storage/emulated/legacy/www/ssq_yzm_thinkphp/Lib/Action/indexAction.class.php 第 9 行.

[ 2015-10-08T22:04:14+08:00 ] 192.168.3.102 /ssq_yzm_thinkphp/
INFO: [ app_begin ] --START--
INFO: Run ReadHtmlCache Behavior [ RunTime:0.004716s ]
INFO: [ app_begin ] --END-- [ RunTime:0.010041s ]
INFO: [ view_parse ] --START--
INFO: Run ParseTemplate Behavior [ RunTime:0.010530s ]
INFO: [ view_parse ] --END-- [ RunTime:0.011214s ]
INFO: [ view_filter ] --START--
INFO: Run ContentReplace Behavior [ RunTime:0.008684s ]
INFO: Run TokenBuild Behavior [ RunTime:0.004358s ]
INFO: Run WriteHtmlCache Behavior [ RunTime:0.005448s ]
INFO: Run ShowRuntime Behavior [ RunTime:0.007209s ]
INFO: [ view_filter ] --END-- [ RunTime:0.027508s ]
INFO: [ view_end ] --START--
INFO: Run ShowPageTrace Behavior [ RunTime:0.005474s ]
INFO: [ view_end ] --END-- [ RunTime:0.005973s ]

[ 2015-10-08T22:04:22+08:00 ] ERR: [64] require(): Failed opening required '无标题A_Z_35.txt' (include_path='.::/storage/emulated/legacy/www/ssq_yzm_thinkphp/ThinkPHP/Extend/Vendor/') /storage/emulated/legacy/www/ssq_yzm_thinkphp/Lib/Action/indexAction.class.php 第 8 行.
[ 2015-10-08T22:08:03+08:00 ] ERR: [64] require(): Failed opening required '无标题A_Z_35.txt' (include_path='.::/storage/emulated/legacy/www/ssq_yzm_thinkphp/ThinkPHP/Extend/Vendor/') /storage/emulated/legacy/www/ssq_yzm_thinkphp/Lib/Action/indexAction.class.php 第 8 行.
[ 2015-10-08T22:09:43+08:00 ] 127.0.0.1 /ssq_yzm_thinkphp/index.php/index/verify
INFO: [ route_check ] --START--
INFO: Run CheckRoute Behavior [ RunTime:0.003477s ]
INFO: [ route_check ] --END-- [ RunTime:0.003759s ]
INFO: [ app_begin ] --START--
INFO: Run ReadHtmlCache Behavior [ RunTime:0.002690s ]
INFO: [ app_begin ] --END-- [ RunTime:0.002910s ]
NOTIC: [2] include(无标题A_Z_35.txt): failed to open stream: No such file or directory /storage/emulated/legacy/www/ssq_yzm_thinkphp/Lib/Action/indexAction.class.php 第 8 行.
NOTIC: [2] include(): Failed opening '无标题A_Z_35.txt' for inclusion (include_path='.::/storage/emulated/legacy/www/ssq_yzm_thinkphp/ThinkPHP/Extend/Vendor/') /storage/emulated/legacy/www/ssq_yzm_thinkphp/Lib/Action/indexAction.class.php 第 8 行.
NOTIC: [8] Use of undefined constant png - assumed 'png' /storage/emulated/legacy/www/ssq_yzm_thinkphp/Lib/Action/indexAction.class.php 第 9 行.

[ 2015-10-08T22:09:53+08:00 ] 127.0.0.1 /ssq_yzm_thinkphp/index.php/index/verify
INFO: [ route_check ] --START--
INFO: Run CheckRoute Behavior [ RunTime:0.003079s ]
INFO: [ route_check ] --END-- [ RunTime:0.003347s ]
INFO: [ app_begin ] --START--
INFO: Run ReadHtmlCache Behavior [ RunTime:0.002244s ]
INFO: [ app_begin ] --END-- [ RunTime:0.002471s ]
NOTIC: [2] include(无标题A_Z_35.txt): failed to open stream: No such file or directory /storage/emulated/legacy/www/ssq_yzm_thinkphp/Lib/Action/indexAction.class.php 第 8 行.
NOTIC: [2] include(): Failed opening '无标题A_Z_35.txt' for inclusion (include_path='.::/storage/emulated/legacy/www/ssq_yzm_thinkphp/ThinkPHP/Extend/Vendor/') /storage/emulated/legacy/www/ssq_yzm_thinkphp/Lib/Action/indexAction.class.php 第 8 行.
NOTIC: [8] Use of undefined constant png - assumed 'png' /storage/emulated/legacy/www/ssq_yzm_thinkphp/Lib/Action/indexAction.class.php 第 9 行.

[ 2015-10-08T22:10:45+08:00 ] 127.0.0.1 /ssq_yzm_thinkphp/index.php/index/verify
INFO: [ route_check ] --START--
INFO: Run CheckRoute Behavior [ RunTime:0.003807s ]
INFO: [ route_check ] --END-- [ RunTime:0.004045s ]
INFO: [ app_begin ] --START--
INFO: Run ReadHtmlCache Behavior [ RunTime:0.003496s ]
INFO: [ app_begin ] --END-- [ RunTime:0.003771s ]
NOTIC: [2] include(无标题A_Z_35.txt): failed to open stream: No such file or directory /storage/emulated/legacy/www/ssq_yzm_thinkphp/Lib/Action/indexAction.class.php 第 8 行.
NOTIC: [2] include(): Failed opening '无标题A_Z_35.txt' for inclusion (include_path='.::/storage/emulated/legacy/www/ssq_yzm_thinkphp/ThinkPHP/Extend/Vendor/') /storage/emulated/legacy/www/ssq_yzm_thinkphp/Lib/Action/indexAction.class.php 第 8 行.
NOTIC: [8] Use of undefined constant png - assumed 'png' /storage/emulated/legacy/www/ssq_yzm_thinkphp/Lib/Action/indexAction.class.php 第 9 行.

[ 2015-10-08T22:10:50+08:00 ] 127.0.0.1 /ssq_yzm_thinkphp/index.php/index/verify
INFO: [ route_check ] --START--
INFO: Run CheckRoute Behavior [ RunTime:0.003633s ]
INFO: [ route_check ] --END-- [ RunTime:0.003870s ]
INFO: [ app_begin ] --START--
INFO: Run ReadHtmlCache Behavior [ RunTime:0.002617s ]
INFO: [ app_begin ] --END-- [ RunTime:0.002810s ]
NOTIC: [2] include(无标题A_Z_35.txt): failed to open stream: No such file or directory /storage/emulated/legacy/www/ssq_yzm_thinkphp/Lib/Action/indexAction.class.php 第 8 行.
NOTIC: [2] include(): Failed opening '无标题A_Z_35.txt' for inclusion (include_path='.::/storage/emulated/legacy/www/ssq_yzm_thinkphp/ThinkPHP/Extend/Vendor/') /storage/emulated/legacy/www/ssq_yzm_thinkphp/Lib/Action/indexAction.class.php 第 8 行.
NOTIC: [8] Use of undefined constant png - assumed 'png' /storage/emulated/legacy/www/ssq_yzm_thinkphp/Lib/Action/indexAction.class.php 第 9 行.

[ 2015-10-08T22:10:51+08:00 ] 127.0.0.1 /ssq_yzm_thinkphp/index.php/index/verify
INFO: [ route_check ] --START--
INFO: Run CheckRoute Behavior [ RunTime:0.003565s ]
INFO: [ route_check ] --END-- [ RunTime:0.003775s ]
INFO: [ app_begin ] --START--
INFO: Run ReadHtmlCache Behavior [ RunTime:0.002768s ]
INFO: [ app_begin ] --END-- [ RunTime:0.002943s ]
NOTIC: [2] include(无标题A_Z_35.txt): failed to open stream: No such file or directory /storage/emulated/legacy/www/ssq_yzm_thinkphp/Lib/Action/indexAction.class.php 第 8 行.
NOTIC: [2] include(): Failed opening '无标题A_Z_35.txt' for inclusion (include_path='.::/storage/emulated/legacy/www/ssq_yzm_thinkphp/ThinkPHP/Extend/Vendor/') /storage/emulated/legacy/www/ssq_yzm_thinkphp/Lib/Action/indexAction.class.php 第 8 行.
NOTIC: [8] Use of undefined constant png - assumed 'png' /storage/emulated/legacy/www/ssq_yzm_thinkphp/Lib/Action/indexAction.class.php 第 9 行.

[ 2015-10-08T22:10:52+08:00 ] 127.0.0.1 /ssq_yzm_thinkphp/index.php/index/verify
INFO: [ route_check ] --START--
INFO: Run CheckRoute Behavior [ RunTime:0.004180s ]
INFO: [ route_check ] --END-- [ RunTime:0.004416s ]
INFO: [ app_begin ] --START--
INFO: Run ReadHtmlCache Behavior [ RunTime:0.002945s ]
INFO: [ app_begin ] --END-- [ RunTime:0.003133s ]
NOTIC: [2] include(无标题A_Z_35.txt): failed to open stream: No such file or directory /storage/emulated/legacy/www/ssq_yzm_thinkphp/Lib/Action/indexAction.class.php 第 8 行.
NOTIC: [2] include(): Failed opening '无标题A_Z_35.txt' for inclusion (include_path='.::/storage/emulated/legacy/www/ssq_yzm_thinkphp/ThinkPHP/Extend/Vendor/') /storage/emulated/legacy/www/ssq_yzm_thinkphp/Lib/Action/indexAction.class.php 第 8 行.
NOTIC: [8] Use of undefined constant png - assumed 'png' /storage/emulated/legacy/www/ssq_yzm_thinkphp/Lib/Action/indexAction.class.php 第 9 行.

[ 2015-10-08T22:10:54+08:00 ] 127.0.0.1 /ssq_yzm_thinkphp/index.php/index/verify
INFO: [ route_check ] --START--
INFO: Run CheckRoute Behavior [ RunTime:0.002117s ]
INFO: [ route_check ] --END-- [ RunTime:0.002318s ]
INFO: [ app_begin ] --START--
INFO: Run ReadHtmlCache Behavior [ RunTime:0.001807s ]
INFO: [ app_begin ] --END-- [ RunTime:0.001971s ]
NOTIC: [2] include(无标题A_Z_35.txt): failed to open stream: No such file or directory /storage/emulated/legacy/www/ssq_yzm_thinkphp/Lib/Action/indexAction.class.php 第 8 行.
NOTIC: [2] include(): Failed opening '无标题A_Z_35.txt' for inclusion (include_path='.::/storage/emulated/legacy/www/ssq_yzm_thinkphp/ThinkPHP/Extend/Vendor/') /storage/emulated/legacy/www/ssq_yzm_thinkphp/Lib/Action/indexAction.class.php 第 8 行.
NOTIC: [8] Use of undefined constant png - assumed 'png' /storage/emulated/legacy/www/ssq_yzm_thinkphp/Lib/Action/indexAction.class.php 第 9 行.

[ 2015-10-08T22:10:56+08:00 ] 127.0.0.1 /ssq_yzm_thinkphp/index.php/index/verify
INFO: [ route_check ] --START--
INFO: Run CheckRoute Behavior [ RunTime:0.003679s ]
INFO: [ route_check ] --END-- [ RunTime:0.003908s ]
INFO: [ app_begin ] --START--
INFO: Run ReadHtmlCache Behavior [ RunTime:0.002718s ]
INFO: [ app_begin ] --END-- [ RunTime:0.002894s ]
NOTIC: [2] include(无标题A_Z_35.txt): failed to open stream: No such file or directory /storage/emulated/legacy/www/ssq_yzm_thinkphp/Lib/Action/indexAction.class.php 第 8 行.
NOTIC: [2] include(): Failed opening '无标题A_Z_35.txt' for inclusion (include_path='.::/storage/emulated/legacy/www/ssq_yzm_thinkphp/ThinkPHP/Extend/Vendor/') /storage/emulated/legacy/www/ssq_yzm_thinkphp/Lib/Action/indexAction.class.php 第 8 行.
NOTIC: [8] Use of undefined constant png - assumed 'png' /storage/emulated/legacy/www/ssq_yzm_thinkphp/Lib/Action/indexAction.class.php 第 9 行.

[ 2015-10-08T22:10:56+08:00 ] 127.0.0.1 /ssq_yzm_thinkphp/index.php/index/verify
INFO: [ route_check ] --START--
INFO: Run CheckRoute Behavior [ RunTime:0.002546s ]
INFO: [ route_check ] --END-- [ RunTime:0.002785s ]
INFO: [ app_begin ] --START--
INFO: Run ReadHtmlCache Behavior [ RunTime:0.002022s ]
INFO: [ app_begin ] --END-- [ RunTime:0.002244s ]
NOTIC: [2] include(无标题A_Z_35.txt): failed to open stream: No such file or directory /storage/emulated/legacy/www/ssq_yzm_thinkphp/Lib/Action/indexAction.class.php 第 8 行.
NOTIC: [2] include(): Failed opening '无标题A_Z_35.txt' for inclusion (include_path='.::/storage/emulated/legacy/www/ssq_yzm_thinkphp/ThinkPHP/Extend/Vendor/') /storage/emulated/legacy/www/ssq_yzm_thinkphp/Lib/Action/indexAction.class.php 第 8 行.
NOTIC: [8] Use of undefined constant png - assumed 'png' /storage/emulated/legacy/www/ssq_yzm_thinkphp/Lib/Action/indexAction.class.php 第 9 行.

[ 2015-10-08T22:23:32+08:00 ] 127.0.0.1 /ssq_yzm_thinkphp/index.php/index/verify
INFO: [ route_check ] --START--
INFO: Run CheckRoute Behavior [ RunTime:0.005293s ]
INFO: [ route_check ] --END-- [ RunTime:0.005647s ]
INFO: [ app_begin ] --START--
INFO: Run ReadHtmlCache Behavior [ RunTime:0.003067s ]
INFO: [ app_begin ] --END-- [ RunTime:0.003517s ]
NOTIC: [2] include(无标题A_Z_35.txt): failed to open stream: No such file or directory /storage/emulated/legacy/www/ssq_yzm_thinkphp/Lib/Action/indexAction.class.php 第 8 行.
NOTIC: [2] include(): Failed opening '无标题A_Z_35.txt' for inclusion (include_path='.::/storage/emulated/legacy/www/ssq_yzm_thinkphp/ThinkPHP/Extend/Vendor/') /storage/emulated/legacy/www/ssq_yzm_thinkphp/Lib/Action/indexAction.class.php 第 8 行.
NOTIC: [8] Use of undefined constant png - assumed 'png' /storage/emulated/legacy/www/ssq_yzm_thinkphp/Lib/Action/indexAction.class.php 第 9 行.

[ 2015-10-08T22:23:35+08:00 ] 127.0.0.1 /ssq_yzm_thinkphp/index.php/index/verify
INFO: [ route_check ] --START--
INFO: Run CheckRoute Behavior [ RunTime:0.003020s ]
INFO: [ route_check ] --END-- [ RunTime:0.005264s ]
INFO: [ app_begin ] --START--
INFO: Run ReadHtmlCache Behavior [ RunTime:0.002198s ]
INFO: [ app_begin ] --END-- [ RunTime:0.002470s ]
NOTIC: [2] include(无标题A_Z_35.txt): failed to open stream: No such file or directory /storage/emulated/legacy/www/ssq_yzm_thinkphp/Lib/Action/indexAction.class.php 第 8 行.
NOTIC: [2] include(): Failed opening '无标题A_Z_35.txt' for inclusion (include_path='.::/storage/emulated/legacy/www/ssq_yzm_thinkphp/ThinkPHP/Extend/Vendor/') /storage/emulated/legacy/www/ssq_yzm_thinkphp/Lib/Action/indexAction.class.php 第 8 行.
NOTIC: [8] Use of undefined constant png - assumed 'png' /storage/emulated/legacy/www/ssq_yzm_thinkphp/Lib/Action/indexAction.class.php 第 9 行.

[ 2015-10-08T22:23:36+08:00 ] 127.0.0.1 /ssq_yzm_thinkphp/index.php/index/verify
INFO: [ route_check ] --START--
INFO: Run CheckRoute Behavior [ RunTime:0.003238s ]
INFO: [ route_check ] --END-- [ RunTime:0.003494s ]
INFO: [ app_begin ] --START--
INFO: Run ReadHtmlCache Behavior [ RunTime:0.005371s ]
INFO: [ app_begin ] --END-- [ RunTime:0.005588s ]
NOTIC: [2] include(无标题A_Z_35.txt): failed to open stream: No such file or directory /storage/emulated/legacy/www/ssq_yzm_thinkphp/Lib/Action/indexAction.class.php 第 8 行.
NOTIC: [2] include(): Failed opening '无标题A_Z_35.txt' for inclusion (include_path='.::/storage/emulated/legacy/www/ssq_yzm_thinkphp/ThinkPHP/Extend/Vendor/') /storage/emulated/legacy/www/ssq_yzm_thinkphp/Lib/Action/indexAction.class.php 第 8 行.
NOTIC: [8] Use of undefined constant png - assumed 'png' /storage/emulated/legacy/www/ssq_yzm_thinkphp/Lib/Action/indexAction.class.php 第 9 行.

[ 2015-10-08T22:23:36+08:00 ] 127.0.0.1 /ssq_yzm_thinkphp/index.php/index/verify
INFO: [ route_check ] --START--
INFO: Run CheckRoute Behavior [ RunTime:0.004027s ]
INFO: [ route_check ] --END-- [ RunTime:0.004463s ]
INFO: [ app_begin ] --START--
INFO: Run ReadHtmlCache Behavior [ RunTime:0.004878s ]
INFO: [ app_begin ] --END-- [ RunTime:0.005165s ]
NOTIC: [2] include(无标题A_Z_35.txt): failed to open stream: No such file or directory /storage/emulated/legacy/www/ssq_yzm_thinkphp/Lib/Action/indexAction.class.php 第 8 行.
NOTIC: [2] include(): Failed opening '无标题A_Z_35.txt' for inclusion (include_path='.::/storage/emulated/legacy/www/ssq_yzm_thinkphp/ThinkPHP/Extend/Vendor/') /storage/emulated/legacy/www/ssq_yzm_thinkphp/Lib/Action/indexAction.class.php 第 8 行.
NOTIC: [8] Use of undefined constant png - assumed 'png' /storage/emulated/legacy/www/ssq_yzm_thinkphp/Lib/Action/indexAction.class.php 第 9 行.

[ 2015-10-08T22:26:33+08:00 ] 192.168.3.102 /ssq_yzm_thinkphp/
INFO: [ app_begin ] --START--
INFO: Run ReadHtmlCache Behavior [ RunTime:0.003181s ]
INFO: [ app_begin ] --END-- [ RunTime:0.003480s ]
INFO: [ view_parse ] --START--
INFO: Run ParseTemplate Behavior [ RunTime:0.022126s ]
INFO: [ view_parse ] --END-- [ RunTime:0.022480s ]
INFO: [ view_filter ] --START--
INFO: Run ContentReplace Behavior [ RunTime:0.002668s ]
INFO: Run TokenBuild Behavior [ RunTime:0.003990s ]
INFO: Run WriteHtmlCache Behavior [ RunTime:0.003586s ]
INFO: Run ShowRuntime Behavior [ RunTime:0.005973s ]
INFO: [ view_filter ] --END-- [ RunTime:0.017595s ]
INFO: [ view_end ] --START--
INFO: Run ShowPageTrace Behavior [ RunTime:0.003697s ]
INFO: [ view_end ] --END-- [ RunTime:0.004045s ]
NOTIC: [8] Use of undefined constant png - assumed 'png' /storage/emulated/legacy/www/ssq_yzm_thinkphp/Lib/Action/IndexAction.class.php 第 7 行.

[ 2015-10-08T22:26:35+08:00 ] 192.168.3.102 /ssq_yzm_thinkphp/
INFO: [ app_begin ] --START--
INFO: Run ReadHtmlCache Behavior [ RunTime:0.002743s ]
INFO: [ app_begin ] --END-- [ RunTime:0.003018s ]
INFO: [ view_parse ] --START--
INFO: Run ParseTemplate Behavior [ RunTime:0.005022s ]
INFO: [ view_parse ] --END-- [ RunTime:0.005246s ]
INFO: [ view_filter ] --START--
INFO: Run ContentReplace Behavior [ RunTime:0.002521s ]
INFO: Run TokenBuild Behavior [ RunTime:0.003348s ]
INFO: Run WriteHtmlCache Behavior [ RunTime:0.001492s ]
INFO: Run ShowRuntime Behavior [ RunTime:0.002750s ]
INFO: [ view_filter ] --END-- [ RunTime:0.010662s ]
INFO: [ view_end ] --START--
INFO: Run ShowPageTrace Behavior [ RunTime:0.003141s ]
INFO: [ view_end ] --END-- [ RunTime:0.003320s ]
NOTIC: [8] Use of undefined constant png - assumed 'png' /storage/emulated/legacy/www/ssq_yzm_thinkphp/Lib/Action/IndexAction.class.php 第 7 行.

[ 2015-10-08T22:26:38+08:00 ] 192.168.3.102 /ssq_yzm_thinkphp/
INFO: [ app_begin ] --START--
INFO: Run ReadHtmlCache Behavior [ RunTime:0.002549s ]
INFO: [ app_begin ] --END-- [ RunTime:0.002790s ]
INFO: [ view_parse ] --START--
INFO: Run ParseTemplate Behavior [ RunTime:0.004436s ]
INFO: [ view_parse ] --END-- [ RunTime:0.004647s ]
INFO: [ view_filter ] --START--
INFO: Run ContentReplace Behavior [ RunTime:0.001633s ]
INFO: Run TokenBuild Behavior [ RunTime:0.002569s ]
INFO: Run WriteHtmlCache Behavior [ RunTime:0.001676s ]
INFO: Run ShowRuntime Behavior [ RunTime:0.003191s ]
INFO: [ view_filter ] --END-- [ RunTime:0.009948s ]
INFO: [ view_end ] --START--
INFO: Run ShowPageTrace Behavior [ RunTime:0.003034s ]
INFO: [ view_end ] --END-- [ RunTime:0.003327s ]
NOTIC: [8] Use of undefined constant png - assumed 'png' /storage/emulated/legacy/www/ssq_yzm_thinkphp/Lib/Action/IndexAction.class.php 第 7 行.

[ 2015-10-08T22:26:39+08:00 ] 192.168.3.102 /ssq_yzm_thinkphp/
INFO: [ app_begin ] --START--
INFO: Run ReadHtmlCache Behavior [ RunTime:0.003509s ]
INFO: [ app_begin ] --END-- [ RunTime:0.003783s ]
INFO: [ view_parse ] --START--
INFO: Run ParseTemplate Behavior [ RunTime:0.005505s ]
INFO: [ view_parse ] --END-- [ RunTime:0.005749s ]
INFO: [ view_filter ] --START--
INFO: Run ContentReplace Behavior [ RunTime:0.001545s ]
INFO: Run TokenBuild Behavior [ RunTime:0.001749s ]
INFO: Run WriteHtmlCache Behavior [ RunTime:0.002092s ]
INFO: Run ShowRuntime Behavior [ RunTime:0.002553s ]
INFO: [ view_filter ] --END-- [ RunTime:0.008705s ]
INFO: [ view_end ] --START--
INFO: Run ShowPageTrace Behavior [ RunTime:0.001971s ]
INFO: [ view_end ] --END-- [ RunTime:0.002167s ]
NOTIC: [8] Use of undefined constant png - assumed 'png' /storage/emulated/legacy/www/ssq_yzm_thinkphp/Lib/Action/IndexAction.class.php 第 7 行.

[ 2015-10-08T22:28:31+08:00 ] 192.168.3.102 /ssq_yzm_thinkphp/
INFO: [ app_begin ] --START--
INFO: Run ReadHtmlCache Behavior [ RunTime:0.003120s ]
INFO: [ app_begin ] --END-- [ RunTime:0.003635s ]
NOTIC: [8] Use of undefined constant png - assumed 'png' /storage/emulated/legacy/www/ssq_yzm_thinkphp/Lib/Action/IndexAction.class.php 第 6 行.

[ 2015-10-08T22:28:33+08:00 ] 192.168.3.102 /ssq_yzm_thinkphp/
INFO: [ app_begin ] --START--
INFO: Run ReadHtmlCache Behavior [ RunTime:0.003090s ]
INFO: [ app_begin ] --END-- [ RunTime:0.003316s ]
NOTIC: [8] Use of undefined constant png - assumed 'png' /storage/emulated/legacy/www/ssq_yzm_thinkphp/Lib/Action/IndexAction.class.php 第 6 行.

[ 2015-10-08T22:28:34+08:00 ] 192.168.3.102 /ssq_yzm_thinkphp/
INFO: [ app_begin ] --START--
INFO: Run ReadHtmlCache Behavior [ RunTime:0.001432s ]
INFO: [ app_begin ] --END-- [ RunTime:0.001634s ]
NOTIC: [8] Use of undefined constant png - assumed 'png' /storage/emulated/legacy/www/ssq_yzm_thinkphp/Lib/Action/IndexAction.class.php 第 6 行.

[ 2015-10-08T22:28:35+08:00 ] 192.168.3.102 /ssq_yzm_thinkphp/
INFO: [ app_begin ] --START--
INFO: Run ReadHtmlCache Behavior [ RunTime:0.002592s ]
INFO: [ app_begin ] --END-- [ RunTime:0.002862s ]
NOTIC: [8] Use of undefined constant png - assumed 'png' /storage/emulated/legacy/www/ssq_yzm_thinkphp/Lib/Action/IndexAction.class.php 第 6 行.

[ 2015-10-08T22:28:35+08:00 ] 192.168.3.102 /ssq_yzm_thinkphp/
INFO: [ app_begin ] --START--
INFO: Run ReadHtmlCache Behavior [ RunTime:0.001587s ]
INFO: [ app_begin ] --END-- [ RunTime:0.001807s ]
NOTIC: [8] Use of undefined constant png - assumed 'png' /storage/emulated/legacy/www/ssq_yzm_thinkphp/Lib/Action/IndexAction.class.php 第 6 行.

[ 2015-10-08T22:28:37+08:00 ] 192.168.3.102 /ssq_yzm_thinkphp/
INFO: [ app_begin ] --START--
INFO: Run ReadHtmlCache Behavior [ RunTime:0.002375s ]
INFO: [ app_begin ] --END-- [ RunTime:0.002626s ]
NOTIC: [8] Use of undefined constant png - assumed 'png' /storage/emulated/legacy/www/ssq_yzm_thinkphp/Lib/Action/IndexAction.class.php 第 6 行.

[ 2015-10-08T22:28:38+08:00 ] 192.168.3.102 /ssq_yzm_thinkphp/
INFO: [ app_begin ] --START--
INFO: Run ReadHtmlCache Behavior [ RunTime:0.001559s ]
INFO: [ app_begin ] --END-- [ RunTime:0.001767s ]
NOTIC: [8] Use of undefined constant png - assumed 'png' /storage/emulated/legacy/www/ssq_yzm_thinkphp/Lib/Action/IndexAction.class.php 第 6 行.

[ 2015-10-08T22:28:38+08:00 ] 192.168.3.102 /ssq_yzm_thinkphp/
INFO: [ app_begin ] --START--
INFO: Run ReadHtmlCache Behavior [ RunTime:0.003444s ]
INFO: [ app_begin ] --END-- [ RunTime:0.003729s ]
NOTIC: [8] Use of undefined constant png - assumed 'png' /storage/emulated/legacy/www/ssq_yzm_thinkphp/Lib/Action/IndexAction.class.php 第 6 行.

[ 2015-10-08T22:28:40+08:00 ] 192.168.3.102 /ssq_yzm_thinkphp/
INFO: [ app_begin ] --START--
INFO: Run ReadHtmlCache Behavior [ RunTime:0.002733s ]
INFO: [ app_begin ] --END-- [ RunTime:0.002964s ]
NOTIC: [8] Use of undefined constant png - assumed 'png' /storage/emulated/legacy/www/ssq_yzm_thinkphp/Lib/Action/IndexAction.class.php 第 6 行.

[ 2015-10-08T22:28:40+08:00 ] 192.168.3.102 /ssq_yzm_thinkphp/
INFO: [ app_begin ] --START--
INFO: Run ReadHtmlCache Behavior [ RunTime:0.002617s ]
INFO: [ app_begin ] --END-- [ RunTime:0.002838s ]
NOTIC: [8] Use of undefined constant png - assumed 'png' /storage/emulated/legacy/www/ssq_yzm_thinkphp/Lib/Action/IndexAction.class.php 第 6 行.

[ 2015-10-08T22:28:41+08:00 ] 192.168.3.102 /ssq_yzm_thinkphp/
INFO: [ app_begin ] --START--
INFO: Run ReadHtmlCache Behavior [ RunTime:0.001432s ]
INFO: [ app_begin ] --END-- [ RunTime:0.001636s ]
NOTIC: [8] Use of undefined constant png - assumed 'png' /storage/emulated/legacy/www/ssq_yzm_thinkphp/Lib/Action/IndexAction.class.php 第 6 行.

[ 2015-10-08T22:33:32+08:00 ] 192.168.3.102 /ssq_yzm_thinkphp/
INFO: [ app_begin ] --START--
INFO: Run ReadHtmlCache Behavior [ RunTime:0.001848s ]
INFO: [ app_begin ] --END-- [ RunTime:0.002102s ]
NOTIC: [8] Use of undefined constant png - assumed 'png' /storage/emulated/legacy/www/ssq_yzm_thinkphp/Lib/Action/IndexAction.class.php 第 6 行.

[ 2015-10-08T22:33:35+08:00 ] 192.168.3.102 /ssq_yzm_thinkphp/
INFO: [ app_begin ] --START--
INFO: Run ReadHtmlCache Behavior [ RunTime:0.002013s ]
INFO: [ app_begin ] --END-- [ RunTime:0.002233s ]
NOTIC: [8] Use of undefined constant png - assumed 'png' /storage/emulated/legacy/www/ssq_yzm_thinkphp/Lib/Action/IndexAction.class.php 第 6 行.

[ 2015-10-08T22:33:36+08:00 ] 192.168.3.102 /ssq_yzm_thinkphp/
INFO: [ app_begin ] --START--
INFO: Run ReadHtmlCache Behavior [ RunTime:0.003003s ]
INFO: [ app_begin ] --END-- [ RunTime:0.003290s ]
NOTIC: [8] Use of undefined constant png - assumed 'png' /storage/emulated/legacy/www/ssq_yzm_thinkphp/Lib/Action/IndexAction.class.php 第 6 行.

[ 2015-10-08T22:33:39+08:00 ] 192.168.3.102 /ssq_yzm_thinkphp/
INFO: [ app_begin ] --START--
INFO: Run ReadHtmlCache Behavior [ RunTime:0.002557s ]
INFO: [ app_begin ] --END-- [ RunTime:0.002818s ]
NOTIC: [8] Use of undefined constant png - assumed 'png' /storage/emulated/legacy/www/ssq_yzm_thinkphp/Lib/Action/IndexAction.class.php 第 6 行.

[ 2015-10-08T22:33:41+08:00 ] 192.168.3.102 /ssq_yzm_thinkphp/
INFO: [ app_begin ] --START--
INFO: Run ReadHtmlCache Behavior [ RunTime:0.001687s ]
INFO: [ app_begin ] --END-- [ RunTime:0.002949s ]
NOTIC: [8] Use of undefined constant png - assumed 'png' /storage/emulated/legacy/www/ssq_yzm_thinkphp/Lib/Action/IndexAction.class.php 第 6 行.

[ 2015-10-08T22:34:11+08:00 ] 127.0.0.1 /ssq_yzm_thinkphp/index.php/index/verify
INFO: [ route_check ] --START--
INFO: Run CheckRoute Behavior [ RunTime:0.004222s ]
INFO: [ route_check ] --END-- [ RunTime:0.004646s ]
INFO: [ app_begin ] --START--
INFO: Run ReadHtmlCache Behavior [ RunTime:0.004138s ]
INFO: [ app_begin ] --END-- [ RunTime:0.004411s ]
NOTIC: [8] Use of undefined constant png - assumed 'png' /storage/emulated/legacy/www/ssq_yzm_thinkphp/Lib/Action/indexAction.class.php 第 8 行.

[ 2015-10-08T22:34:13+08:00 ] 127.0.0.1 /ssq_yzm_thinkphp/index.php/index/verify
INFO: [ route_check ] --START--
INFO: Run CheckRoute Behavior [ RunTime:0.003598s ]
INFO: [ route_check ] --END-- [ RunTime:0.005310s ]
INFO: [ app_begin ] --START--
INFO: Run ReadHtmlCache Behavior [ RunTime:0.002654s ]
INFO: [ app_begin ] --END-- [ RunTime:0.002848s ]
NOTIC: [8] Use of undefined constant png - assumed 'png' /storage/emulated/legacy/www/ssq_yzm_thinkphp/Lib/Action/indexAction.class.php 第 8 行.

[ 2015-10-08T22:34:14+08:00 ] 127.0.0.1 /ssq_yzm_thinkphp/index.php/index/verify
INFO: [ route_check ] --START--
INFO: Run CheckRoute Behavior [ RunTime:0.003996s ]
INFO: [ route_check ] --END-- [ RunTime:0.004252s ]
INFO: [ app_begin ] --START--
INFO: Run ReadHtmlCache Behavior [ RunTime:0.003585s ]
INFO: [ app_begin ] --END-- [ RunTime:0.005142s ]
NOTIC: [8] Use of undefined constant png - assumed 'png' /storage/emulated/legacy/www/ssq_yzm_thinkphp/Lib/Action/indexAction.class.php 第 8 行.

[ 2015-10-08T22:34:15+08:00 ] 127.0.0.1 /ssq_yzm_thinkphp/index.php/index/verify
INFO: [ route_check ] --START--
INFO: Run CheckRoute Behavior [ RunTime:0.002452s ]
INFO: [ route_check ] --END-- [ RunTime:0.002819s ]
INFO: [ app_begin ] --START--
INFO: Run ReadHtmlCache Behavior [ RunTime:0.001431s ]
INFO: [ app_begin ] --END-- [ RunTime:0.001581s ]
NOTIC: [8] Use of undefined constant png - assumed 'png' /storage/emulated/legacy/www/ssq_yzm_thinkphp/Lib/Action/indexAction.class.php 第 8 行.

[ 2015-10-08T22:34:16+08:00 ] 127.0.0.1 /ssq_yzm_thinkphp/index.php/index/verify
INFO: [ route_check ] --START--
INFO: Run CheckRoute Behavior [ RunTime:0.002050s ]
INFO: [ route_check ] --END-- [ RunTime:0.002252s ]
INFO: [ app_begin ] --START--
INFO: Run ReadHtmlCache Behavior [ RunTime:0.002594s ]
INFO: [ app_begin ] --END-- [ RunTime:0.002795s ]
NOTIC: [8] Use of undefined constant png - assumed 'png' /storage/emulated/legacy/www/ssq_yzm_thinkphp/Lib/Action/indexAction.class.php 第 8 行.

[ 2015-10-08T22:34:17+08:00 ] 127.0.0.1 /ssq_yzm_thinkphp/index.php/index/verify
INFO: [ route_check ] --START--
INFO: Run CheckRoute Behavior [ RunTime:0.002456s ]
INFO: [ route_check ] --END-- [ RunTime:0.002674s ]
INFO: [ app_begin ] --START--
INFO: Run ReadHtmlCache Behavior [ RunTime:0.001628s ]
INFO: [ app_begin ] --END-- [ RunTime:0.001784s ]
NOTIC: [8] Use of undefined constant png - assumed 'png' /storage/emulated/legacy/www/ssq_yzm_thinkphp/Lib/Action/indexAction.class.php 第 8 行.

[ 2015-10-08T22:34:18+08:00 ] 127.0.0.1 /ssq_yzm_thinkphp/index.php/index/verify
INFO: [ route_check ] --START--
INFO: Run CheckRoute Behavior [ RunTime:0.002327s ]
INFO: [ route_check ] --END-- [ RunTime:0.002528s ]
INFO: [ app_begin ] --START--
INFO: Run ReadHtmlCache Behavior [ RunTime:0.001415s ]
INFO: [ app_begin ] --END-- [ RunTime:0.001565s ]
NOTIC: [8] Use of undefined constant png - assumed 'png' /storage/emulated/legacy/www/ssq_yzm_thinkphp/Lib/Action/indexAction.class.php 第 8 行.

[ 2015-10-08T22:34:19+08:00 ] 127.0.0.1 /ssq_yzm_thinkphp/index.php/index/verify
INFO: [ route_check ] --START--
INFO: Run CheckRoute Behavior [ RunTime:0.003229s ]
INFO: [ route_check ] --END-- [ RunTime:0.003441s ]
INFO: [ app_begin ] --START--
INFO: Run ReadHtmlCache Behavior [ RunTime:0.002763s ]
INFO: [ app_begin ] --END-- [ RunTime:0.002968s ]
NOTIC: [8] Use of undefined constant png - assumed 'png' /storage/emulated/legacy/www/ssq_yzm_thinkphp/Lib/Action/indexAction.class.php 第 8 行.

[ 2015-10-08T22:34:20+08:00 ] 127.0.0.1 /ssq_yzm_thinkphp/index.php/index/verify
INFO: [ route_check ] --START--
INFO: Run CheckRoute Behavior [ RunTime:0.002675s ]
INFO: [ route_check ] --END-- [ RunTime:0.003291s ]
INFO: [ app_begin ] --START--
INFO: Run ReadHtmlCache Behavior [ RunTime:0.005269s ]
INFO: [ app_begin ] --END-- [ RunTime:0.005509s ]
NOTIC: [8] Use of undefined constant png - assumed 'png' /storage/emulated/legacy/www/ssq_yzm_thinkphp/Lib/Action/indexAction.class.php 第 8 行.

[ 2015-10-08T22:34:20+08:00 ] 127.0.0.1 /ssq_yzm_thinkphp/index.php/index/verify
INFO: [ route_check ] --START--
INFO: Run CheckRoute Behavior [ RunTime:0.002366s ]
INFO: [ route_check ] --END-- [ RunTime:0.002586s ]
INFO: [ app_begin ] --START--
INFO: Run ReadHtmlCache Behavior [ RunTime:0.001493s ]
INFO: [ app_begin ] --END-- [ RunTime:0.001650s ]
NOTIC: [8] Use of undefined constant png - assumed 'png' /storage/emulated/legacy/www/ssq_yzm_thinkphp/Lib/Action/indexAction.class.php 第 8 行.

[ 2015-10-08T22:34:23+08:00 ] 127.0.0.1 /ssq_yzm_thinkphp/index.php/index/verify
INFO: [ route_check ] --START--
INFO: Run CheckRoute Behavior [ RunTime:0.003946s ]
INFO: [ route_check ] --END-- [ RunTime:0.004182s ]
INFO: [ app_begin ] --START--
INFO: Run ReadHtmlCache Behavior [ RunTime:0.001947s ]
INFO: [ app_begin ] --END-- [ RunTime:0.002172s ]
NOTIC: [8] Use of undefined constant png - assumed 'png' /storage/emulated/legacy/www/ssq_yzm_thinkphp/Lib/Action/indexAction.class.php 第 8 行.

[ 2015-10-08T22:34:25+08:00 ] 127.0.0.1 /ssq_yzm_thinkphp/index.php/index/verify
INFO: [ route_check ] --START--
INFO: Run CheckRoute Behavior [ RunTime:0.002077s ]
INFO: [ route_check ] --END-- [ RunTime:0.002444s ]
INFO: [ app_begin ] --START--
INFO: Run ReadHtmlCache Behavior [ RunTime:0.001522s ]
INFO: [ app_begin ] --END-- [ RunTime:0.001679s ]
NOTIC: [8] Use of undefined constant png - assumed 'png' /storage/emulated/legacy/www/ssq_yzm_thinkphp/Lib/Action/indexAction.class.php 第 8 行.

[ 2015-10-08T22:34:28+08:00 ] 127.0.0.1 /ssq_yzm_thinkphp/index.php/index/verify
INFO: [ route_check ] --START--
INFO: Run CheckRoute Behavior [ RunTime:0.003494s ]
INFO: [ route_check ] --END-- [ RunTime:0.003722s ]
INFO: [ app_begin ] --START--
INFO: Run ReadHtmlCache Behavior [ RunTime:0.002789s ]
INFO: [ app_begin ] --END-- [ RunTime:0.003040s ]
NOTIC: [8] Use of undefined constant png - assumed 'png' /storage/emulated/legacy/www/ssq_yzm_thinkphp/Lib/Action/indexAction.class.php 第 8 行.

[ 2015-10-08T22:34:29+08:00 ] 127.0.0.1 /ssq_yzm_thinkphp/index.php/index/verify
INFO: [ route_check ] --START--
INFO: Run CheckRoute Behavior [ RunTime:0.003336s ]
INFO: [ route_check ] --END-- [ RunTime:0.003675s ]
INFO: [ app_begin ] --START--
INFO: Run ReadHtmlCache Behavior [ RunTime:0.001672s ]
INFO: [ app_begin ] --END-- [ RunTime:0.001830s ]
NOTIC: [8] Use of undefined constant png - assumed 'png' /storage/emulated/legacy/www/ssq_yzm_thinkphp/Lib/Action/indexAction.class.php 第 8 行.

[ 2015-10-08T22:34:30+08:00 ] 127.0.0.1 /ssq_yzm_thinkphp/index.php/index/verify
INFO: [ route_check ] --START--
INFO: Run CheckRoute Behavior [ RunTime:0.002529s ]
INFO: [ route_check ] --END-- [ RunTime:0.002755s ]
INFO: [ app_begin ] --START--
INFO: Run ReadHtmlCache Behavior [ RunTime:0.005592s ]
INFO: [ app_begin ] --END-- [ RunTime:0.005894s ]
NOTIC: [8] Use of undefined constant png - assumed 'png' /storage/emulated/legacy/www/ssq_yzm_thinkphp/Lib/Action/indexAction.class.php 第 8 行.

[ 2015-10-08T22:34:30+08:00 ] 127.0.0.1 /ssq_yzm_thinkphp/index.php/index/verify
INFO: [ route_check ] --START--
INFO: Run CheckRoute Behavior [ RunTime:0.004231s ]
INFO: [ route_check ] --END-- [ RunTime:0.004503s ]
INFO: [ app_begin ] --START--
INFO: Run ReadHtmlCache Behavior [ RunTime:0.002680s ]
INFO: [ app_begin ] --END-- [ RunTime:0.002903s ]
NOTIC: [8] Use of undefined constant png - assumed 'png' /storage/emulated/legacy/www/ssq_yzm_thinkphp/Lib/Action/indexAction.class.php 第 8 行.

[ 2015-10-08T22:34:31+08:00 ] 127.0.0.1 /ssq_yzm_thinkphp/index.php/index/verify
INFO: [ route_check ] --START--
INFO: Run CheckRoute Behavior [ RunTime:0.003242s ]
INFO: [ route_check ] --END-- [ RunTime:0.003465s ]
INFO: [ app_begin ] --START--
INFO: Run ReadHtmlCache Behavior [ RunTime:0.003147s ]
INFO: [ app_begin ] --END-- [ RunTime:0.003316s ]
NOTIC: [8] Use of undefined constant png - assumed 'png' /storage/emulated/legacy/www/ssq_yzm_thinkphp/Lib/Action/indexAction.class.php 第 8 行.

[ 2015-10-08T22:34:33+08:00 ] 127.0.0.1 /ssq_yzm_thinkphp/index.php/index/verify
INFO: [ route_check ] --START--
INFO: Run CheckRoute Behavior [ RunTime:0.003082s ]
INFO: [ route_check ] --END-- [ RunTime:0.003741s ]
INFO: [ app_begin ] --START--
INFO: Run ReadHtmlCache Behavior [ RunTime:0.002668s ]
INFO: [ app_begin ] --END-- [ RunTime:0.002890s ]
NOTIC: [8] Use of undefined constant png - assumed 'png' /storage/emulated/legacy/www/ssq_yzm_thinkphp/Lib/Action/indexAction.class.php 第 8 行.

[ 2015-10-08T22:34:34+08:00 ] 127.0.0.1 /ssq_yzm_thinkphp/index.php/index/verify
INFO: [ route_check ] --START--
INFO: Run CheckRoute Behavior [ RunTime:0.003688s ]
INFO: [ route_check ] --END-- [ RunTime:0.004200s ]
INFO: [ app_begin ] --START--
INFO: Run ReadHtmlCache Behavior [ RunTime:0.003248s ]
INFO: [ app_begin ] --END-- [ RunTime:0.003486s ]
NOTIC: [8] Use of undefined constant png - assumed 'png' /storage/emulated/legacy/www/ssq_yzm_thinkphp/Lib/Action/indexAction.class.php 第 8 行.

[ 2015-10-08T22:34:34+08:00 ] 127.0.0.1 /ssq_yzm_thinkphp/index.php/index/verify
INFO: [ route_check ] --START--
INFO: Run CheckRoute Behavior [ RunTime:0.002342s ]
INFO: [ route_check ] --END-- [ RunTime:0.002567s ]
INFO: [ app_begin ] --START--
INFO: Run ReadHtmlCache Behavior [ RunTime:0.001647s ]
INFO: [ app_begin ] --END-- [ RunTime:0.001802s ]
NOTIC: [8] Use of undefined constant png - assumed 'png' /storage/emulated/legacy/www/ssq_yzm_thinkphp/Lib/Action/indexAction.class.php 第 8 行.

[ 2015-10-08T22:34:35+08:00 ] 127.0.0.1 /ssq_yzm_thinkphp/index.php/index/verify
INFO: [ route_check ] --START--
INFO: Run CheckRoute Behavior [ RunTime:0.002712s ]
INFO: [ route_check ] --END-- [ RunTime:0.003122s ]
INFO: [ app_begin ] --START--
INFO: Run ReadHtmlCache Behavior [ RunTime:0.002128s ]
INFO: [ app_begin ] --END-- [ RunTime:0.002355s ]
NOTIC: [8] Use of undefined constant png - assumed 'png' /storage/emulated/legacy/www/ssq_yzm_thinkphp/Lib/Action/indexAction.class.php 第 8 行.

[ 2015-10-08T22:34:36+08:00 ] 127.0.0.1 /ssq_yzm_thinkphp/index.php/index/verify
INFO: [ route_check ] --START--
INFO: Run CheckRoute Behavior [ RunTime:0.003302s ]
INFO: [ route_check ] --END-- [ RunTime:0.003525s ]
INFO: [ app_begin ] --START--
INFO: Run ReadHtmlCache Behavior [ RunTime:0.004269s ]
INFO: [ app_begin ] --END-- [ RunTime:0.004467s ]
NOTIC: [8] Use of undefined constant png - assumed 'png' /storage/emulated/legacy/www/ssq_yzm_thinkphp/Lib/Action/indexAction.class.php 第 8 行.

[ 2015-10-08T22:34:37+08:00 ] 127.0.0.1 /ssq_yzm_thinkphp/index.php/index/verify
INFO: [ route_check ] --START--
INFO: Run CheckRoute Behavior [ RunTime:0.002882s ]
INFO: [ route_check ] --END-- [ RunTime:0.003110s ]
INFO: [ app_begin ] --START--
INFO: Run ReadHtmlCache Behavior [ RunTime:0.002453s ]
INFO: [ app_begin ] --END-- [ RunTime:0.002621s ]
NOTIC: [8] Use of undefined constant png - assumed 'png' /storage/emulated/legacy/www/ssq_yzm_thinkphp/Lib/Action/indexAction.class.php 第 8 行.

[ 2015-10-08T22:34:38+08:00 ] 127.0.0.1 /ssq_yzm_thinkphp/index.php/index/verify
INFO: [ route_check ] --START--
INFO: Run CheckRoute Behavior [ RunTime:0.003197s ]
INFO: [ route_check ] --END-- [ RunTime:0.003431s ]
INFO: [ app_begin ] --START--
INFO: Run ReadHtmlCache Behavior [ RunTime:0.003369s ]
INFO: [ app_begin ] --END-- [ RunTime:0.003546s ]
NOTIC: [8] Use of undefined constant png - assumed 'png' /storage/emulated/legacy/www/ssq_yzm_thinkphp/Lib/Action/indexAction.class.php 第 8 行.

[ 2015-10-08T22:34:39+08:00 ] 127.0.0.1 /ssq_yzm_thinkphp/index.php/index/verify
INFO: [ route_check ] --START--
INFO: Run CheckRoute Behavior [ RunTime:0.002214s ]
INFO: [ route_check ] --END-- [ RunTime:0.002507s ]
INFO: [ app_begin ] --START--
INFO: Run ReadHtmlCache Behavior [ RunTime:0.001404s ]
INFO: [ app_begin ] --END-- [ RunTime:0.001556s ]
NOTIC: [8] Use of undefined constant png - assumed 'png' /storage/emulated/legacy/www/ssq_yzm_thinkphp/Lib/Action/indexAction.class.php 第 8 行.

[ 2015-10-08T22:34:39+08:00 ] 127.0.0.1 /ssq_yzm_thinkphp/index.php/index/verify
INFO: [ route_check ] --START--
INFO: Run CheckRoute Behavior [ RunTime:0.002055s ]
INFO: [ route_check ] --END-- [ RunTime:0.002310s ]
INFO: [ app_begin ] --START--
INFO: Run ReadHtmlCache Behavior [ RunTime:0.001587s ]
INFO: [ app_begin ] --END-- [ RunTime:0.001737s ]
NOTIC: [8] Use of undefined constant png - assumed 'png' /storage/emulated/legacy/www/ssq_yzm_thinkphp/Lib/Action/indexAction.class.php 第 8 行.

[ 2015-10-08T22:34:41+08:00 ] 127.0.0.1 /ssq_yzm_thinkphp/index.php/index/verify
INFO: [ route_check ] --START--
INFO: Run CheckRoute Behavior [ RunTime:0.003492s ]
INFO: [ route_check ] --END-- [ RunTime:0.003708s ]
INFO: [ app_begin ] --START--
INFO: Run ReadHtmlCache Behavior [ RunTime:0.002627s ]
INFO: [ app_begin ] --END-- [ RunTime:0.002879s ]
NOTIC: [8] Use of undefined constant png - assumed 'png' /storage/emulated/legacy/www/ssq_yzm_thinkphp/Lib/Action/indexAction.class.php 第 8 行.

[ 2015-10-08T22:34:43+08:00 ] 127.0.0.1 /ssq_yzm_thinkphp/index.php/index/verify
INFO: [ route_check ] --START--
INFO: Run CheckRoute Behavior [ RunTime:0.002367s ]
INFO: [ route_check ] --END-- [ RunTime:0.002590s ]
INFO: [ app_begin ] --START--
INFO: Run ReadHtmlCache Behavior [ RunTime:0.001564s ]
INFO: [ app_begin ] --END-- [ RunTime:0.001721s ]
NOTIC: [8] Use of undefined constant png - assumed 'png' /storage/emulated/legacy/www/ssq_yzm_thinkphp/Lib/Action/indexAction.class.php 第 8 行.

[ 2015-10-08T22:34:44+08:00 ] 127.0.0.1 /ssq_yzm_thinkphp/index.php/index/verify
INFO: [ route_check ] --START--
INFO: Run CheckRoute Behavior [ RunTime:0.005283s ]
INFO: [ route_check ] --END-- [ RunTime:0.005565s ]
INFO: [ app_begin ] --START--
INFO: Run ReadHtmlCache Behavior [ RunTime:0.002650s ]
INFO: [ app_begin ] --END-- [ RunTime:0.002864s ]
NOTIC: [8] Use of undefined constant png - assumed 'png' /storage/emulated/legacy/www/ssq_yzm_thinkphp/Lib/Action/indexAction.class.php 第 8 行.

[ 2015-10-08T22:34:46+08:00 ] 127.0.0.1 /ssq_yzm_thinkphp/index.php/index/verify
INFO: [ route_check ] --START--
INFO: Run CheckRoute Behavior [ RunTime:0.003540s ]
INFO: [ route_check ] --END-- [ RunTime:0.003769s ]
INFO: [ app_begin ] --START--
INFO: Run ReadHtmlCache Behavior [ RunTime:0.002553s ]
INFO: [ app_begin ] --END-- [ RunTime:0.002741s ]
NOTIC: [8] Use of undefined constant png - assumed 'png' /storage/emulated/legacy/www/ssq_yzm_thinkphp/Lib/Action/indexAction.class.php 第 8 行.

[ 2015-10-08T22:34:46+08:00 ] 127.0.0.1 /ssq_yzm_thinkphp/index.php/index/verify
INFO: [ route_check ] --START--
INFO: Run CheckRoute Behavior [ RunTime:0.002694s ]
INFO: [ route_check ] --END-- [ RunTime:0.003004s ]
INFO: [ app_begin ] --START--
INFO: Run ReadHtmlCache Behavior [ RunTime:0.001544s ]
INFO: [ app_begin ] --END-- [ RunTime:0.001706s ]
NOTIC: [8] Use of undefined constant png - assumed 'png' /storage/emulated/legacy/www/ssq_yzm_thinkphp/Lib/Action/indexAction.class.php 第 8 行.

[ 2015-10-08T22:34:47+08:00 ] 127.0.0.1 /ssq_yzm_thinkphp/index.php/index/verify
INFO: [ route_check ] --START--
INFO: Run CheckRoute Behavior [ RunTime:0.004742s ]
INFO: [ route_check ] --END-- [ RunTime:0.004975s ]
INFO: [ app_begin ] --START--
INFO: Run ReadHtmlCache Behavior [ RunTime:0.003090s ]
INFO: [ app_begin ] --END-- [ RunTime:0.003278s ]
NOTIC: [8] Use of undefined constant png - assumed 'png' /storage/emulated/legacy/www/ssq_yzm_thinkphp/Lib/Action/indexAction.class.php 第 8 行.

[ 2015-10-08T22:34:48+08:00 ] 127.0.0.1 /ssq_yzm_thinkphp/index.php/index/verify
INFO: [ route_check ] --START--
INFO: Run CheckRoute Behavior [ RunTime:0.002926s ]
INFO: [ route_check ] --END-- [ RunTime:0.003160s ]
INFO: [ app_begin ] --START--
INFO: Run ReadHtmlCache Behavior [ RunTime:0.002254s ]
INFO: [ app_begin ] --END-- [ RunTime:0.002443s ]
NOTIC: [8] Use of undefined constant png - assumed 'png' /storage/emulated/legacy/www/ssq_yzm_thinkphp/Lib/Action/indexAction.class.php 第 8 行.

[ 2015-10-08T22:34:48+08:00 ] 127.0.0.1 /ssq_yzm_thinkphp/index.php/index/verify
INFO: [ route_check ] --START--
INFO: Run CheckRoute Behavior [ RunTime:0.002503s ]
INFO: [ route_check ] --END-- [ RunTime:0.002748s ]
INFO: [ app_begin ] --START--
INFO: Run ReadHtmlCache Behavior [ RunTime:0.001901s ]
INFO: [ app_begin ] --END-- [ RunTime:0.002096s ]
NOTIC: [8] Use of undefined constant png - assumed 'png' /storage/emulated/legacy/www/ssq_yzm_thinkphp/Lib/Action/indexAction.class.php 第 8 行.

[ 2015-10-08T22:34:49+08:00 ] 127.0.0.1 /ssq_yzm_thinkphp/index.php/index/verify
INFO: [ route_check ] --START--
INFO: Run CheckRoute Behavior [ RunTime:0.002697s ]
INFO: [ route_check ] --END-- [ RunTime:0.002912s ]
INFO: [ app_begin ] --START--
INFO: Run ReadHtmlCache Behavior [ RunTime:0.001502s ]
INFO: [ app_begin ] --END-- [ RunTime:0.001719s ]
NOTIC: [8] Use of undefined constant png - assumed 'png' /storage/emulated/legacy/www/ssq_yzm_thinkphp/Lib/Action/indexAction.class.php 第 8 行.

[ 2015-10-08T22:34:50+08:00 ] 127.0.0.1 /ssq_yzm_thinkphp/index.php/index/verify
INFO: [ route_check ] --START--
INFO: Run CheckRoute Behavior [ RunTime:0.002577s ]
INFO: [ route_check ] --END-- [ RunTime:0.002798s ]
INFO: [ app_begin ] --START--
INFO: Run ReadHtmlCache Behavior [ RunTime:0.001489s ]
INFO: [ app_begin ] --END-- [ RunTime:0.001645s ]
NOTIC: [8] Use of undefined constant png - assumed 'png' /storage/emulated/legacy/www/ssq_yzm_thinkphp/Lib/Action/indexAction.class.php 第 8 行.

[ 2015-10-08T22:34:52+08:00 ] 192.168.3.102 /ssq_yzm_thinkphp/
INFO: [ app_begin ] --START--
INFO: Run ReadHtmlCache Behavior [ RunTime:0.004813s ]
INFO: [ app_begin ] --END-- [ RunTime:0.005045s ]
NOTIC: [8] Use of undefined constant png - assumed 'png' /storage/emulated/legacy/www/ssq_yzm_thinkphp/Lib/Action/IndexAction.class.php 第 6 行.

[ 2015-10-08T22:36:08+08:00 ] 127.0.0.1 /ssq_yzm_thinkphp/index.php/index/verify
INFO: [ route_check ] --START--
INFO: Run CheckRoute Behavior [ RunTime:0.006222s ]
INFO: [ route_check ] --END-- [ RunTime:0.006526s ]
INFO: [ app_begin ] --START--
INFO: Run ReadHtmlCache Behavior [ RunTime:0.002806s ]
INFO: [ app_begin ] --END-- [ RunTime:0.003131s ]
NOTIC: [8] Use of undefined constant png - assumed 'png' /storage/emulated/legacy/www/ssq_yzm_thinkphp/Lib/Action/indexAction.class.php 第 8 行.

[ 2015-10-08T22:36:10+08:00 ] 127.0.0.1 /ssq_yzm_thinkphp/index.php/index/verify
INFO: [ route_check ] --START--
INFO: Run CheckRoute Behavior [ RunTime:0.002401s ]
INFO: [ route_check ] --END-- [ RunTime:0.002614s ]
INFO: [ app_begin ] --START--
INFO: Run ReadHtmlCache Behavior [ RunTime:0.001546s ]
INFO: [ app_begin ] --END-- [ RunTime:0.001702s ]
NOTIC: [8] Use of undefined constant png - assumed 'png' /storage/emulated/legacy/www/ssq_yzm_thinkphp/Lib/Action/indexAction.class.php 第 8 行.

[ 2015-10-08T22:36:11+08:00 ] 127.0.0.1 /ssq_yzm_thinkphp/index.php/index/verify
INFO: [ route_check ] --START--
INFO: Run CheckRoute Behavior [ RunTime:0.003504s ]
INFO: [ route_check ] --END-- [ RunTime:0.003792s ]
INFO: [ app_begin ] --START--
INFO: Run ReadHtmlCache Behavior [ RunTime:0.002847s ]
INFO: [ app_begin ] --END-- [ RunTime:0.003058s ]
NOTIC: [8] Use of undefined constant png - assumed 'png' /storage/emulated/legacy/www/ssq_yzm_thinkphp/Lib/Action/indexAction.class.php 第 8 行.

[ 2015-10-08T22:36:11+08:00 ] 127.0.0.1 /ssq_yzm_thinkphp/index.php/index/verify
INFO: [ route_check ] --START--
INFO: Run CheckRoute Behavior [ RunTime:0.004757s ]
INFO: [ route_check ] --END-- [ RunTime:0.004991s ]
INFO: [ app_begin ] --START--
INFO: Run ReadHtmlCache Behavior [ RunTime:0.003039s ]
INFO: [ app_begin ] --END-- [ RunTime:0.003232s ]
NOTIC: [8] Use of undefined constant png - assumed 'png' /storage/emulated/legacy/www/ssq_yzm_thinkphp/Lib/Action/indexAction.class.php 第 8 行.

[ 2015-10-08T22:36:12+08:00 ] 127.0.0.1 /ssq_yzm_thinkphp/index.php/index/verify
INFO: [ route_check ] --START--
INFO: Run CheckRoute Behavior [ RunTime:0.004547s ]
INFO: [ route_check ] --END-- [ RunTime:0.004832s ]
INFO: [ app_begin ] --START--
INFO: Run ReadHtmlCache Behavior [ RunTime:0.002626s ]
INFO: [ app_begin ] --END-- [ RunTime:0.002823s ]
NOTIC: [8] Use of undefined constant png - assumed 'png' /storage/emulated/legacy/www/ssq_yzm_thinkphp/Lib/Action/indexAction.class.php 第 8 行.

[ 2015-10-08T22:36:13+08:00 ] 127.0.0.1 /ssq_yzm_thinkphp/index.php/index/verify
INFO: [ route_check ] --START--
INFO: Run CheckRoute Behavior [ RunTime:0.003691s ]
INFO: [ route_check ] --END-- [ RunTime:0.003903s ]
INFO: [ app_begin ] --START--
INFO: Run ReadHtmlCache Behavior [ RunTime:0.002194s ]
INFO: [ app_begin ] --END-- [ RunTime:0.002362s ]
NOTIC: [8] Use of undefined constant png - assumed 'png' /storage/emulated/legacy/www/ssq_yzm_thinkphp/Lib/Action/indexAction.class.php 第 8 行.

[ 2015-10-08T22:36:14+08:00 ] 127.0.0.1 /ssq_yzm_thinkphp/index.php/index/verify
INFO: [ route_check ] --START--
INFO: Run CheckRoute Behavior [ RunTime:0.003518s ]
INFO: [ route_check ] --END-- [ RunTime:0.003749s ]
INFO: [ app_begin ] --START--
INFO: Run ReadHtmlCache Behavior [ RunTime:0.006353s ]
INFO: [ app_begin ] --END-- [ RunTime:0.006571s ]
NOTIC: [8] Use of undefined constant png - assumed 'png' /storage/emulated/legacy/www/ssq_yzm_thinkphp/Lib/Action/indexAction.class.php 第 8 行.

[ 2015-10-08T22:36:14+08:00 ] 127.0.0.1 /ssq_yzm_thinkphp/index.php/index/verify
INFO: [ route_check ] --START--
INFO: Run CheckRoute Behavior [ RunTime:0.003164s ]
INFO: [ route_check ] --END-- [ RunTime:0.003390s ]
INFO: [ app_begin ] --START--
INFO: Run ReadHtmlCache Behavior [ RunTime:0.001522s ]
INFO: [ app_begin ] --END-- [ RunTime:0.001677s ]
NOTIC: [8] Use of undefined constant png - assumed 'png' /storage/emulated/legacy/www/ssq_yzm_thinkphp/Lib/Action/indexAction.class.php 第 8 行.

[ 2015-10-08T22:36:15+08:00 ] 127.0.0.1 /ssq_yzm_thinkphp/index.php/index/verify
INFO: [ route_check ] --START--
INFO: Run CheckRoute Behavior [ RunTime:0.002490s ]
INFO: [ route_check ] --END-- [ RunTime:0.002746s ]
INFO: [ app_begin ] --START--
INFO: Run ReadHtmlCache Behavior [ RunTime:0.001495s ]
INFO: [ app_begin ] --END-- [ RunTime:0.001646s ]
NOTIC: [8] Use of undefined constant png - assumed 'png' /storage/emulated/legacy/www/ssq_yzm_thinkphp/Lib/Action/indexAction.class.php 第 8 行.

[ 2015-10-08T22:36:16+08:00 ] 127.0.0.1 /ssq_yzm_thinkphp/index.php/index/verify
INFO: [ route_check ] --START--
INFO: Run CheckRoute Behavior [ RunTime:0.002214s ]
INFO: [ route_check ] --END-- [ RunTime:0.006472s ]
INFO: [ app_begin ] --START--
INFO: Run ReadHtmlCache Behavior [ RunTime:0.002554s ]
INFO: [ app_begin ] --END-- [ RunTime:0.002816s ]
NOTIC: [8] Use of undefined constant png - assumed 'png' /storage/emulated/legacy/www/ssq_yzm_thinkphp/Lib/Action/indexAction.class.php 第 8 行.

[ 2015-10-08T22:36:16+08:00 ] 127.0.0.1 /ssq_yzm_thinkphp/index.php/index/verify
INFO: [ route_check ] --START--
INFO: Run CheckRoute Behavior [ RunTime:0.002147s ]
INFO: [ route_check ] --END-- [ RunTime:0.002348s ]
INFO: [ app_begin ] --START--
INFO: Run ReadHtmlCache Behavior [ RunTime:0.002604s ]
INFO: [ app_begin ] --END-- [ RunTime:0.002799s ]
NOTIC: [8] Use of undefined constant png - assumed 'png' /storage/emulated/legacy/www/ssq_yzm_thinkphp/Lib/Action/indexAction.class.php 第 8 行.

[ 2015-10-08T22:36:17+08:00 ] 127.0.0.1 /ssq_yzm_thinkphp/index.php/index/verify
INFO: [ route_check ] --START--
INFO: Run CheckRoute Behavior [ RunTime:0.002417s ]
INFO: [ route_check ] --END-- [ RunTime:0.002652s ]
INFO: [ app_begin ] --START--
INFO: Run ReadHtmlCache Behavior [ RunTime:0.002288s ]
INFO: [ app_begin ] --END-- [ RunTime:0.002564s ]
NOTIC: [8] Use of undefined constant png - assumed 'png' /storage/emulated/legacy/www/ssq_yzm_thinkphp/Lib/Action/indexAction.class.php 第 8 行.

[ 2015-10-08T22:36:19+08:00 ] 127.0.0.1 /ssq_yzm_thinkphp/index.php/index/verify
INFO: [ route_check ] --START--
INFO: Run CheckRoute Behavior [ RunTime:0.003573s ]
INFO: [ route_check ] --END-- [ RunTime:0.003813s ]
INFO: [ app_begin ] --START--
INFO: Run ReadHtmlCache Behavior [ RunTime:0.002512s ]
INFO: [ app_begin ] --END-- [ RunTime:0.002694s ]
NOTIC: [8] Use of undefined constant png - assumed 'png' /storage/emulated/legacy/www/ssq_yzm_thinkphp/Lib/Action/indexAction.class.php 第 8 行.

[ 2015-10-08T22:36:24+08:00 ] 127.0.0.1 /ssq_yzm_thinkphp/index.php/index/verify
INFO: [ route_check ] --START--
INFO: Run CheckRoute Behavior [ RunTime:0.002088s ]
INFO: [ route_check ] --END-- [ RunTime:0.002364s ]
INFO: [ app_begin ] --START--
INFO: Run ReadHtmlCache Behavior [ RunTime:0.002256s ]
INFO: [ app_begin ] --END-- [ RunTime:0.002653s ]
NOTIC: [8] Use of undefined constant png - assumed 'png' /storage/emulated/legacy/www/ssq_yzm_thinkphp/Lib/Action/indexAction.class.php 第 8 行.

[ 2015-10-08T22:36:26+08:00 ] 127.0.0.1 /ssq_yzm_thinkphp/index.php/index/verify
INFO: [ route_check ] --START--
INFO: Run CheckRoute Behavior [ RunTime:0.002632s ]
INFO: [ route_check ] --END-- [ RunTime:0.002879s ]
INFO: [ app_begin ] --START--
INFO: Run ReadHtmlCache Behavior [ RunTime:0.001743s ]
INFO: [ app_begin ] --END-- [ RunTime:0.001925s ]
NOTIC: [8] Use of undefined constant png - assumed 'png' /storage/emulated/legacy/www/ssq_yzm_thinkphp/Lib/Action/indexAction.class.php 第 8 行.

[ 2015-10-08T22:36:28+08:00 ] 127.0.0.1 /ssq_yzm_thinkphp/index.php/index/verify
INFO: [ route_check ] --START--
INFO: Run CheckRoute Behavior [ RunTime:0.003404s ]
INFO: [ route_check ] --END-- [ RunTime:0.003629s ]
INFO: [ app_begin ] --START--
INFO: Run ReadHtmlCache Behavior [ RunTime:0.003180s ]
INFO: [ app_begin ] --END-- [ RunTime:0.003405s ]
NOTIC: [8] Use of undefined constant png - assumed 'png' /storage/emulated/legacy/www/ssq_yzm_thinkphp/Lib/Action/indexAction.class.php 第 8 行.

[ 2015-10-08T22:36:29+08:00 ] 127.0.0.1 /ssq_yzm_thinkphp/index.php/index/verify
INFO: [ route_check ] --START--
INFO: Run CheckRoute Behavior [ RunTime:0.003877s ]
INFO: [ route_check ] --END-- [ RunTime:0.004102s ]
INFO: [ app_begin ] --START--
INFO: Run ReadHtmlCache Behavior [ RunTime:0.002880s ]
INFO: [ app_begin ] --END-- [ RunTime:0.003072s ]
NOTIC: [8] Use of undefined constant png - assumed 'png' /storage/emulated/legacy/www/ssq_yzm_thinkphp/Lib/Action/indexAction.class.php 第 8 行.

[ 2015-10-08T22:36:29+08:00 ] 127.0.0.1 /ssq_yzm_thinkphp/index.php/index/verify
INFO: [ route_check ] --START--
INFO: Run CheckRoute Behavior [ RunTime:0.002755s ]
INFO: [ route_check ] --END-- [ RunTime:0.002975s ]
INFO: [ app_begin ] --START--
INFO: Run ReadHtmlCache Behavior [ RunTime:0.004399s ]
INFO: [ app_begin ] --END-- [ RunTime:0.004596s ]
NOTIC: [8] Use of undefined constant png - assumed 'png' /storage/emulated/legacy/www/ssq_yzm_thinkphp/Lib/Action/indexAction.class.php 第 8 行.

[ 2015-10-08T22:36:30+08:00 ] 127.0.0.1 /ssq_yzm_thinkphp/index.php/index/verify
INFO: [ route_check ] --START--
INFO: Run CheckRoute Behavior [ RunTime:0.002790s ]
INFO: [ route_check ] --END-- [ RunTime:0.003018s ]
INFO: [ app_begin ] --START--
INFO: Run ReadHtmlCache Behavior [ RunTime:0.002350s ]
INFO: [ app_begin ] --END-- [ RunTime:0.002570s ]
NOTIC: [8] Use of undefined constant png - assumed 'png' /storage/emulated/legacy/www/ssq_yzm_thinkphp/Lib/Action/indexAction.class.php 第 8 行.

[ 2015-10-08T22:36:31+08:00 ] 127.0.0.1 /ssq_yzm_thinkphp/index.php/index/verify
INFO: [ route_check ] --START--
INFO: Run CheckRoute Behavior [ RunTime:0.002162s ]
INFO: [ route_check ] --END-- [ RunTime:0.002481s ]
INFO: [ app_begin ] --START--
INFO: Run ReadHtmlCache Behavior [ RunTime:0.003365s ]
INFO: [ app_begin ] --END-- [ RunTime:0.003557s ]
NOTIC: [8] Use of undefined constant png - assumed 'png' /storage/emulated/legacy/www/ssq_yzm_thinkphp/Lib/Action/indexAction.class.php 第 8 行.

[ 2015-10-08T22:36:31+08:00 ] 127.0.0.1 /ssq_yzm_thinkphp/index.php/index/verify
INFO: [ route_check ] --START--
INFO: Run CheckRoute Behavior [ RunTime:0.004694s ]
INFO: [ route_check ] --END-- [ RunTime:0.005019s ]
INFO: [ app_begin ] --START--
INFO: Run ReadHtmlCache Behavior [ RunTime:0.003855s ]
INFO: [ app_begin ] --END-- [ RunTime:0.004082s ]
NOTIC: [8] Use of undefined constant png - assumed 'png' /storage/emulated/legacy/www/ssq_yzm_thinkphp/Lib/Action/indexAction.class.php 第 8 行.

[ 2015-10-08T22:36:31+08:00 ] 127.0.0.1 /ssq_yzm_thinkphp/index.php/index/verify
INFO: [ route_check ] --START--
INFO: Run CheckRoute Behavior [ RunTime:0.003015s ]
INFO: [ route_check ] --END-- [ RunTime:0.003555s ]
INFO: [ app_begin ] --START--
INFO: Run ReadHtmlCache Behavior [ RunTime:0.001619s ]
INFO: [ app_begin ] --END-- [ RunTime:0.001905s ]
NOTIC: [8] Use of undefined constant png - assumed 'png' /storage/emulated/legacy/www/ssq_yzm_thinkphp/Lib/Action/indexAction.class.php 第 8 行.

[ 2015-10-08T22:36:33+08:00 ] 127.0.0.1 /ssq_yzm_thinkphp/index.php/index/verify
INFO: [ route_check ] --START--
INFO: Run CheckRoute Behavior [ RunTime:0.002642s ]
INFO: [ route_check ] --END-- [ RunTime:0.002886s ]
INFO: [ app_begin ] --START--
INFO: Run ReadHtmlCache Behavior [ RunTime:0.001979s ]
INFO: [ app_begin ] --END-- [ RunTime:0.002222s ]
NOTIC: [8] Use of undefined constant png - assumed 'png' /storage/emulated/legacy/www/ssq_yzm_thinkphp/Lib/Action/indexAction.class.php 第 8 行.

[ 2015-10-08T22:36:33+08:00 ] 127.0.0.1 /ssq_yzm_thinkphp/index.php/index/verify
INFO: [ route_check ] --START--
INFO: Run CheckRoute Behavior [ RunTime:0.003552s ]
INFO: [ route_check ] --END-- [ RunTime:0.003770s ]
INFO: [ app_begin ] --START--
INFO: Run ReadHtmlCache Behavior [ RunTime:0.002946s ]
INFO: [ app_begin ] --END-- [ RunTime:0.003128s ]
NOTIC: [8] Use of undefined constant png - assumed 'png' /storage/emulated/legacy/www/ssq_yzm_thinkphp/Lib/Action/indexAction.class.php 第 8 行.

[ 2015-10-08T22:36:34+08:00 ] 127.0.0.1 /ssq_yzm_thinkphp/index.php/index/verify
INFO: [ route_check ] --START--
INFO: Run CheckRoute Behavior [ RunTime:0.002641s ]
INFO: [ route_check ] --END-- [ RunTime:0.002902s ]
INFO: [ app_begin ] --START--
INFO: Run ReadHtmlCache Behavior [ RunTime:0.003084s ]
INFO: [ app_begin ] --END-- [ RunTime:0.003324s ]
NOTIC: [8] Use of undefined constant png - assumed 'png' /storage/emulated/legacy/www/ssq_yzm_thinkphp/Lib/Action/indexAction.class.php 第 8 行.

[ 2015-10-08T22:36:35+08:00 ] 127.0.0.1 /ssq_yzm_thinkphp/index.php/index/verify
INFO: [ route_check ] --START--
INFO: Run CheckRoute Behavior [ RunTime:0.003623s ]
INFO: [ route_check ] --END-- [ RunTime:0.003874s ]
INFO: [ app_begin ] --START--
INFO: Run ReadHtmlCache Behavior [ RunTime:0.001703s ]
INFO: [ app_begin ] --END-- [ RunTime:0.001869s ]
NOTIC: [8] Use of undefined constant png - assumed 'png' /storage/emulated/legacy/www/ssq_yzm_thinkphp/Lib/Action/indexAction.class.php 第 8 行.

[ 2015-10-08T22:36:35+08:00 ] 127.0.0.1 /ssq_yzm_thinkphp/index.php/index/verify
INFO: [ route_check ] --START--
INFO: Run CheckRoute Behavior [ RunTime:0.005508s ]
INFO: [ route_check ] --END-- [ RunTime:0.006205s ]
INFO: [ app_begin ] --START--
INFO: Run ReadHtmlCache Behavior [ RunTime:0.003325s ]
INFO: [ app_begin ] --END-- [ RunTime:0.003531s ]
NOTIC: [8] Use of undefined constant png - assumed 'png' /storage/emulated/legacy/www/ssq_yzm_thinkphp/Lib/Action/indexAction.class.php 第 8 行.

[ 2015-10-08T22:36:36+08:00 ] 127.0.0.1 /ssq_yzm_thinkphp/index.php/index/verify
INFO: [ route_check ] --START--
INFO: Run CheckRoute Behavior [ RunTime:0.002261s ]
INFO: [ route_check ] --END-- [ RunTime:0.002469s ]
INFO: [ app_begin ] --START--
INFO: Run ReadHtmlCache Behavior [ RunTime:0.001661s ]
INFO: [ app_begin ] --END-- [ RunTime:0.001854s ]
NOTIC: [8] Use of undefined constant png - assumed 'png' /storage/emulated/legacy/www/ssq_yzm_thinkphp/Lib/Action/indexAction.class.php 第 8 行.

[ 2015-10-08T22:36:37+08:00 ] 127.0.0.1 /ssq_yzm_thinkphp/index.php/index/verify
INFO: [ route_check ] --START--
INFO: Run CheckRoute Behavior [ RunTime:0.002703s ]
INFO: [ route_check ] --END-- [ RunTime:0.002945s ]
INFO: [ app_begin ] --START--
INFO: Run ReadHtmlCache Behavior [ RunTime:0.003812s ]
INFO: [ app_begin ] --END-- [ RunTime:0.004040s ]
NOTIC: [8] Use of undefined constant png - assumed 'png' /storage/emulated/legacy/www/ssq_yzm_thinkphp/Lib/Action/indexAction.class.php 第 8 行.

[ 2015-10-08T22:36:38+08:00 ] 127.0.0.1 /ssq_yzm_thinkphp/index.php/index/verify
INFO: [ route_check ] --START--
INFO: Run CheckRoute Behavior [ RunTime:0.004205s ]
INFO: [ route_check ] --END-- [ RunTime:0.004466s ]
INFO: [ app_begin ] --START--
INFO: Run ReadHtmlCache Behavior [ RunTime:0.003253s ]
INFO: [ app_begin ] --END-- [ RunTime:0.003457s ]
NOTIC: [8] Use of undefined constant png - assumed 'png' /storage/emulated/legacy/www/ssq_yzm_thinkphp/Lib/Action/indexAction.class.php 第 8 行.

[ 2015-10-08T22:36:39+08:00 ] 127.0.0.1 /ssq_yzm_thinkphp/index.php/index/verify
INFO: [ route_check ] --START--
INFO: Run CheckRoute Behavior [ RunTime:0.003845s ]
INFO: [ route_check ] --END-- [ RunTime:0.004136s ]
INFO: [ app_begin ] --START--
INFO: Run ReadHtmlCache Behavior [ RunTime:0.003403s ]
INFO: [ app_begin ] --END-- [ RunTime:0.003643s ]
NOTIC: [8] Use of undefined constant png - assumed 'png' /storage/emulated/legacy/www/ssq_yzm_thinkphp/Lib/Action/indexAction.class.php 第 8 行.

