[ 2015-10-06T12:26:49+08:00 ] ERR: [4] syntax error, unexpected ')' /storage/emulated/legacy/www/ssq_yzm_thinkphp/Lib/Action/IndexAction.class.php 第 12 行.
[ 2015-10-06T13:36:03+08:00 ] 127.0.0.1 /ssq_yzm_thinkphp/index.php/index/verify
INFO: [ route_check ] --START--
INFO: Run CheckRoute Behavior [ RunTime:0.004524s ]
INFO: [ route_check ] --END-- [ RunTime:0.012385s ]
INFO: [ app_begin ] --START--
INFO: Run ReadHtmlCache Behavior [ RunTime:0.003541s ]
INFO: [ app_begin ] --END-- [ RunTime:0.003771s ]
NOTIC: [8] Use of undefined constant png - assumed 'png' /storage/emulated/legacy/www/ssq_yzm_thinkphp/Lib/Action/indexAction.class.php 第 9 行.

[ 2015-10-06T13:36:05+08:00 ] 127.0.0.1 /ssq_yzm_thinkphp/index.php/index/verify
INFO: [ route_check ] --START--
INFO: Run CheckRoute Behavior [ RunTime:0.004351s ]
INFO: [ route_check ] --END-- [ RunTime:0.004632s ]
INFO: [ app_begin ] --START--
INFO: Run ReadHtmlCache Behavior [ RunTime:0.002825s ]
INFO: [ app_begin ] --END-- [ RunTime:0.003052s ]
NOTIC: [8] Use of undefined constant png - assumed 'png' /storage/emulated/legacy/www/ssq_yzm_thinkphp/Lib/Action/indexAction.class.php 第 9 行.

[ 2015-10-06T13:36:05+08:00 ] 127.0.0.1 /ssq_yzm_thinkphp/index.php/index/verify
INFO: [ route_check ] --START--
INFO: Run CheckRoute Behavior [ RunTime:0.003161s ]
INFO: [ route_check ] --END-- [ RunTime:0.003429s ]
INFO: [ app_begin ] --START--
INFO: Run ReadHtmlCache Behavior [ RunTime:0.003465s ]
INFO: [ app_begin ] --END-- [ RunTime:0.003676s ]
NOTIC: [8] Use of undefined constant png - assumed 'png' /storage/emulated/legacy/www/ssq_yzm_thinkphp/Lib/Action/indexAction.class.php 第 9 行.

[ 2015-10-06T13:36:12+08:00 ] ERR: [1] Call to undefined function imagettftext() /storage/emulated/legacy/www/ssq_yzm_thinkphp/ThinkPHP/Extend/Library/ORG/Util/Image.class.php 第 433 行.
[ 2015-10-06T13:36:43+08:00 ] 127.0.0.1 /ssq_yzm_thinkphp/index.php/index/verify
INFO: [ route_check ] --START--
INFO: Run CheckRoute Behavior [ RunTime:0.002165s ]
INFO: [ route_check ] --END-- [ RunTime:0.002369s ]
INFO: [ app_begin ] --START--
INFO: Run ReadHtmlCache Behavior [ RunTime:0.002055s ]
INFO: [ app_begin ] --END-- [ RunTime:0.002222s ]
NOTIC: [8] Use of undefined constant png - assumed 'png' /storage/emulated/legacy/www/ssq_yzm_thinkphp/Lib/Action/indexAction.class.php 第 9 行.

[ 2015-10-06T16:35:50+08:00 ] 127.0.0.1 /ssq_yzm_thinkphp/
INFO: [ app_begin ] --START--
INFO: Run ReadHtmlCache Behavior [ RunTime:0.007538s ]
INFO: [ app_begin ] --END-- [ RunTime:0.025905s ]
INFO: [ view_parse ] --START--
INFO: Run ParseTemplate Behavior [ RunTime:0.008646s ]
INFO: [ view_parse ] --END-- [ RunTime:0.009127s ]
INFO: [ view_filter ] --START--
INFO: Run ContentReplace Behavior [ RunTime:0.002086s ]
INFO: Run TokenBuild Behavior [ RunTime:0.003101s ]
INFO: Run WriteHtmlCache Behavior [ RunTime:0.001340s ]
INFO: Run ShowRuntime Behavior [ RunTime:0.005095s ]
INFO: [ view_filter ] --END-- [ RunTime:0.012401s ]
INFO: [ view_end ] --START--
INFO: Run ShowPageTrace Behavior [ RunTime:0.003606s ]
INFO: [ view_end ] --END-- [ RunTime:0.003832s ]

[ 2015-10-06T16:35:54+08:00 ] 127.0.0.1 /ssq_yzm_thinkphp/index.php/index/verify
INFO: [ route_check ] --START--
INFO: Run CheckRoute Behavior [ RunTime:0.006347s ]
INFO: [ route_check ] --END-- [ RunTime:0.006687s ]
INFO: [ app_begin ] --START--
INFO: Run ReadHtmlCache Behavior [ RunTime:0.001981s ]
INFO: [ app_begin ] --END-- [ RunTime:0.002212s ]
NOTIC: [8] Use of undefined constant png - assumed 'png' /storage/emulated/legacy/www/ssq_yzm_thinkphp/Lib/Action/indexAction.class.php 第 9 行.

[ 2015-10-06T16:38:27+08:00 ] 127.0.0.1 /ssq_yzm_thinkphp/index.php/index/verify
INFO: [ route_check ] --START--
INFO: Run CheckRoute Behavior [ RunTime:0.003940s ]
INFO: [ route_check ] --END-- [ RunTime:0.004199s ]
INFO: [ app_begin ] --START--
INFO: Run ReadHtmlCache Behavior [ RunTime:0.002742s ]
INFO: [ app_begin ] --END-- [ RunTime:0.002917s ]
NOTIC: [8] Use of undefined constant png - assumed 'png' /storage/emulated/legacy/www/ssq_yzm_thinkphp/Lib/Action/indexAction.class.php 第 9 行.

[ 2015-10-06T16:39:39+08:00 ] 127.0.0.1 /ssq_yzm_thinkphp/index.php/index/verify
INFO: [ route_check ] --START--
INFO: Run CheckRoute Behavior [ RunTime:0.003502s ]
INFO: [ route_check ] --END-- [ RunTime:0.003721s ]
INFO: [ app_begin ] --START--
INFO: Run ReadHtmlCache Behavior [ RunTime:0.002567s ]
INFO: [ app_begin ] --END-- [ RunTime:0.002737s ]
NOTIC: [8] Use of undefined constant png - assumed 'png' /storage/emulated/legacy/www/ssq_yzm_thinkphp/Lib/Action/indexAction.class.php 第 9 行.

[ 2015-10-06T16:42:51+08:00 ] 127.0.0.1 /ssq_yzm_thinkphp/index.php/index/verify
INFO: [ route_check ] --START--
INFO: Run CheckRoute Behavior [ RunTime:0.002315s ]
INFO: [ route_check ] --END-- [ RunTime:0.002582s ]
INFO: [ app_begin ] --START--
INFO: Run ReadHtmlCache Behavior [ RunTime:0.001408s ]
INFO: [ app_begin ] --END-- [ RunTime:0.001560s ]
NOTIC: [8] Use of undefined constant png - assumed 'png' /storage/emulated/legacy/www/ssq_yzm_thinkphp/Lib/Action/indexAction.class.php 第 9 行.

[ 2015-10-06T16:58:00+08:00 ] 127.0.0.1 /ssq_yzm_thinkphp/
INFO: [ app_begin ] --START--
INFO: Run ReadHtmlCache Behavior [ RunTime:0.002646s ]
INFO: [ app_begin ] --END-- [ RunTime:0.002897s ]
INFO: [ view_parse ] --START--
INFO: Run ParseTemplate Behavior [ RunTime:0.003855s ]
INFO: [ view_parse ] --END-- [ RunTime:0.004039s ]
INFO: [ view_filter ] --START--
INFO: Run ContentReplace Behavior [ RunTime:0.001658s ]
INFO: Run TokenBuild Behavior [ RunTime:0.001839s ]
INFO: Run WriteHtmlCache Behavior [ RunTime:0.001395s ]
INFO: Run ShowRuntime Behavior [ RunTime:0.001871s ]
INFO: [ view_filter ] --END-- [ RunTime:0.007224s ]
INFO: [ view_end ] --START--
INFO: Run ShowPageTrace Behavior [ RunTime:0.002684s ]
INFO: [ view_end ] --END-- [ RunTime:0.002870s ]

[ 2015-10-06T23:07:34+08:00 ] 192.168.3.102 /ssq_yzm_thinkphp/
INFO: [ app_begin ] --START--
INFO: Run ReadHtmlCache Behavior [ RunTime:0.004957s ]
INFO: [ app_begin ] --END-- [ RunTime:0.010123s ]
INFO: [ view_parse ] --START--
INFO: Run ParseTemplate Behavior [ RunTime:0.006494s ]
INFO: [ view_parse ] --END-- [ RunTime:0.006783s ]
INFO: [ view_filter ] --START--
INFO: Run ContentReplace Behavior [ RunTime:0.004540s ]
INFO: Run TokenBuild Behavior [ RunTime:0.001984s ]
INFO: Run WriteHtmlCache Behavior [ RunTime:0.001306s ]
INFO: Run ShowRuntime Behavior [ RunTime:0.001776s ]
INFO: [ view_filter ] --END-- [ RunTime:0.010210s ]
INFO: [ view_end ] --START--
INFO: Run ShowPageTrace Behavior [ RunTime:0.002661s ]
INFO: [ view_end ] --END-- [ RunTime:0.004322s ]

[ 2015-10-06T23:07:44+08:00 ] 127.0.0.1 /ssq_yzm_thinkphp/index.php/index/verify
INFO: [ route_check ] --START--
INFO: Run CheckRoute Behavior [ RunTime:0.012699s ]
INFO: [ route_check ] --END-- [ RunTime:0.016993s ]
INFO: [ app_begin ] --START--
INFO: Run ReadHtmlCache Behavior [ RunTime:0.002784s ]
INFO: [ app_begin ] --END-- [ RunTime:0.003140s ]
NOTIC: [8] Use of undefined constant png - assumed 'png' /storage/emulated/legacy/www/ssq_yzm_thinkphp/Lib/Action/indexAction.class.php 第 9 行.

[ 2015-10-06T23:07:56+08:00 ] ERR: [1] Call to undefined function imagettftext() /storage/emulated/legacy/www/ssq_yzm_thinkphp/ThinkPHP/Extend/Library/ORG/Util/Image.class.php 第 433 行.
[ 2015-10-06T23:08:31+08:00 ] 127.0.0.1 /ssq_yzm_thinkphp/index.php/index/verify
INFO: [ route_check ] --START--
INFO: Run CheckRoute Behavior [ RunTime:0.002221s ]
INFO: [ route_check ] --END-- [ RunTime:0.002445s ]
INFO: [ app_begin ] --START--
INFO: Run ReadHtmlCache Behavior [ RunTime:0.001430s ]
INFO: [ app_begin ] --END-- [ RunTime:0.001580s ]
NOTIC: [8] Use of undefined constant png - assumed 'png' /storage/emulated/legacy/www/ssq_yzm_thinkphp/Lib/Action/indexAction.class.php 第 9 行.

[ 2015-10-06T23:08:32+08:00 ] 127.0.0.1 /ssq_yzm_thinkphp/index.php/index/verify
INFO: [ route_check ] --START--
INFO: Run CheckRoute Behavior [ RunTime:0.002062s ]
INFO: [ route_check ] --END-- [ RunTime:0.002257s ]
INFO: [ app_begin ] --START--
INFO: Run ReadHtmlCache Behavior [ RunTime:0.001510s ]
INFO: [ app_begin ] --END-- [ RunTime:0.001664s ]
NOTIC: [8] Use of undefined constant png - assumed 'png' /storage/emulated/legacy/www/ssq_yzm_thinkphp/Lib/Action/indexAction.class.php 第 9 行.

[ 2015-10-06T23:08:34+08:00 ] 127.0.0.1 /ssq_yzm_thinkphp/index.php/index/verify
INFO: [ route_check ] --START--
INFO: Run CheckRoute Behavior [ RunTime:0.002587s ]
INFO: [ route_check ] --END-- [ RunTime:0.002809s ]
INFO: [ app_begin ] --START--
INFO: Run ReadHtmlCache Behavior [ RunTime:0.001957s ]
INFO: [ app_begin ] --END-- [ RunTime:0.002125s ]
NOTIC: [8] Use of undefined constant png - assumed 'png' /storage/emulated/legacy/www/ssq_yzm_thinkphp/Lib/Action/indexAction.class.php 第 9 行.

[ 2015-10-06T23:08:35+08:00 ] 127.0.0.1 /ssq_yzm_thinkphp/index.php/index/verify
INFO: [ route_check ] --START--
INFO: Run CheckRoute Behavior [ RunTime:0.003110s ]
INFO: [ route_check ] --END-- [ RunTime:0.003364s ]
INFO: [ app_begin ] --START--
INFO: Run ReadHtmlCache Behavior [ RunTime:0.002045s ]
INFO: [ app_begin ] --END-- [ RunTime:0.002234s ]
NOTIC: [8] Use of undefined constant png - assumed 'png' /storage/emulated/legacy/www/ssq_yzm_thinkphp/Lib/Action/indexAction.class.php 第 9 行.

[ 2015-10-06T23:08:35+08:00 ] 127.0.0.1 /ssq_yzm_thinkphp/index.php/index/verify
INFO: [ route_check ] --START--
INFO: Run CheckRoute Behavior [ RunTime:0.003857s ]
INFO: [ route_check ] --END-- [ RunTime:0.004145s ]
INFO: [ app_begin ] --START--
INFO: Run ReadHtmlCache Behavior [ RunTime:0.001869s ]
INFO: [ app_begin ] --END-- [ RunTime:0.002085s ]
NOTIC: [8] Use of undefined constant png - assumed 'png' /storage/emulated/legacy/www/ssq_yzm_thinkphp/Lib/Action/indexAction.class.php 第 9 行.

[ 2015-10-06T23:30:27+08:00 ] 127.0.0.1 /ssq_yzm_thinkphp/index.php/index/verify
INFO: [ route_check ] --START--
INFO: Run CheckRoute Behavior [ RunTime:0.007194s ]
INFO: [ route_check ] --END-- [ RunTime:0.012756s ]
INFO: [ app_begin ] --START--
INFO: Run ReadHtmlCache Behavior [ RunTime:0.004517s ]
INFO: [ app_begin ] --END-- [ RunTime:0.004885s ]
NOTIC: [8] Use of undefined constant png - assumed 'png' /storage/emulated/legacy/www/ssq_yzm_thinkphp/Lib/Action/indexAction.class.php 第 9 行.

[ 2015-10-06T23:30:34+08:00 ] ERR: [1] Call to undefined function imagettftext() /storage/emulated/legacy/www/ssq_yzm_thinkphp/ThinkPHP/Extend/Library/ORG/Util/Image.class.php 第 433 行.
[ 2015-10-06T23:30:53+08:00 ] 127.0.0.1 /ssq_yzm_thinkphp/index.php/index/verify
INFO: [ route_check ] --START--
INFO: Run CheckRoute Behavior [ RunTime:0.004690s ]
INFO: [ route_check ] --END-- [ RunTime:0.005123s ]
INFO: [ app_begin ] --START--
INFO: Run ReadHtmlCache Behavior [ RunTime:0.002475s ]
INFO: [ app_begin ] --END-- [ RunTime:0.003019s ]
NOTIC: [8] Use of undefined constant png - assumed 'png' /storage/emulated/legacy/www/ssq_yzm_thinkphp/Lib/Action/indexAction.class.php 第 9 行.

[ 2015-10-06T23:49:05+08:00 ] 127.0.0.1 /ssq_yzm_thinkphp/index.php/index/verify
INFO: [ route_check ] --START--
INFO: Run CheckRoute Behavior [ RunTime:0.006040s ]
INFO: [ route_check ] --END-- [ RunTime:0.011142s ]
INFO: [ app_begin ] --START--
INFO: Run ReadHtmlCache Behavior [ RunTime:0.004479s ]
INFO: [ app_begin ] --END-- [ RunTime:0.006763s ]
NOTIC: [8] Use of undefined constant png - assumed 'png' /storage/emulated/legacy/www/ssq_yzm_thinkphp/Lib/Action/indexAction.class.php 第 9 行.

[ 2015-10-06T23:49:18+08:00 ] ERR: [1] Call to undefined function imagettftext() /storage/emulated/legacy/www/ssq_yzm_thinkphp/ThinkPHP/Extend/Library/ORG/Util/Image.class.php 第 433 行.
[ 2015-10-06T23:49:29+08:00 ] 127.0.0.1 /ssq_yzm_thinkphp/index.php/index/verify
INFO: [ route_check ] --START--
INFO: Run CheckRoute Behavior [ RunTime:0.002123s ]
INFO: [ route_check ] --END-- [ RunTime:0.002330s ]
INFO: [ app_begin ] --START--
INFO: Run ReadHtmlCache Behavior [ RunTime:0.002360s ]
INFO: [ app_begin ] --END-- [ RunTime:0.002532s ]
NOTIC: [8] Use of undefined constant png - assumed 'png' /storage/emulated/legacy/www/ssq_yzm_thinkphp/Lib/Action/indexAction.class.php 第 9 行.

