[ 2015-10-10T17:27:37+08:00 ] 127.0.0.1 /ssq_yzm_thinkphp/
INFO: [ app_begin ] --START--
INFO: Run ReadHtmlCache Behavior [ RunTime:0.004235s ]
INFO: [ app_begin ] --END-- [ RunTime:0.015885s ]
NOTIC: [8] Use of undefined constant png - assumed 'png' /storage/emulated/legacy/www/ssq_yzm_thinkphp/Lib/Action/IndexAction.class.php 第 6 行.

[ 2015-10-10T17:27:50+08:00 ] 127.0.0.1 /ssq_yzm_thinkphp/
INFO: [ app_begin ] --START--
INFO: Run ReadHtmlCache Behavior [ RunTime:0.002228s ]
INFO: [ app_begin ] --END-- [ RunTime:0.002425s ]
NOTIC: [8] Use of undefined constant png - assumed 'png' /storage/emulated/legacy/www/ssq_yzm_thinkphp/Lib/Action/IndexAction.class.php 第 6 行.

[ 2015-10-10T17:27:56+08:00 ] 127.0.0.1 /ssq_yzm_thinkphp/index.php/index/verify
INFO: [ route_check ] --START--
INFO: Run CheckRoute Behavior [ RunTime:0.141398s ]
INFO: [ route_check ] --END-- [ RunTime:0.141653s ]
INFO: [ app_begin ] --START--
INFO: Run ReadHtmlCache Behavior [ RunTime:0.001774s ]
INFO: [ app_begin ] --END-- [ RunTime:0.001957s ]
NOTIC: [8] Use of undefined constant png - assumed 'png' /storage/emulated/legacy/www/ssq_yzm_thinkphp/Lib/Action/indexAction.class.php 第 8 行.

[ 2015-10-10T17:27:58+08:00 ] 127.0.0.1 /ssq_yzm_thinkphp/index.php/index/verify
INFO: [ route_check ] --START--
INFO: Run CheckRoute Behavior [ RunTime:0.003757s ]
INFO: [ route_check ] --END-- [ RunTime:0.003973s ]
INFO: [ app_begin ] --START--
INFO: Run ReadHtmlCache Behavior [ RunTime:0.002641s ]
INFO: [ app_begin ] --END-- [ RunTime:0.002880s ]
NOTIC: [8] Use of undefined constant png - assumed 'png' /storage/emulated/legacy/www/ssq_yzm_thinkphp/Lib/Action/indexAction.class.php 第 8 行.

[ 2015-10-10T17:27:59+08:00 ] 127.0.0.1 /ssq_yzm_thinkphp/index.php/index/verify
INFO: [ route_check ] --START--
INFO: Run CheckRoute Behavior [ RunTime:0.005057s ]
INFO: [ route_check ] --END-- [ RunTime:0.005458s ]
INFO: [ app_begin ] --START--
INFO: Run ReadHtmlCache Behavior [ RunTime:0.003372s ]
INFO: [ app_begin ] --END-- [ RunTime:0.003615s ]
NOTIC: [8] Use of undefined constant png - assumed 'png' /storage/emulated/legacy/www/ssq_yzm_thinkphp/Lib/Action/indexAction.class.php 第 8 行.

[ 2015-10-10T17:28:00+08:00 ] 127.0.0.1 /ssq_yzm_thinkphp/index.php/index/verify
INFO: [ route_check ] --START--
INFO: Run CheckRoute Behavior [ RunTime:0.003042s ]
INFO: [ route_check ] --END-- [ RunTime:0.003259s ]
INFO: [ app_begin ] --START--
INFO: Run ReadHtmlCache Behavior [ RunTime:0.002668s ]
INFO: [ app_begin ] --END-- [ RunTime:0.002841s ]
NOTIC: [8] Use of undefined constant png - assumed 'png' /storage/emulated/legacy/www/ssq_yzm_thinkphp/Lib/Action/indexAction.class.php 第 8 行.

[ 2015-10-10T17:28:00+08:00 ] 127.0.0.1 /ssq_yzm_thinkphp/index.php/index/verify
INFO: [ route_check ] --START--
INFO: Run CheckRoute Behavior [ RunTime:0.002154s ]
INFO: [ route_check ] --END-- [ RunTime:0.002358s ]
INFO: [ app_begin ] --START--
INFO: Run ReadHtmlCache Behavior [ RunTime:0.001595s ]
INFO: [ app_begin ] --END-- [ RunTime:0.001750s ]
NOTIC: [8] Use of undefined constant png - assumed 'png' /storage/emulated/legacy/www/ssq_yzm_thinkphp/Lib/Action/indexAction.class.php 第 8 行.

[ 2015-10-10T17:28:01+08:00 ] 127.0.0.1 /ssq_yzm_thinkphp/index.php/index/verify
INFO: [ route_check ] --START--
INFO: Run CheckRoute Behavior [ RunTime:0.002255s ]
INFO: [ route_check ] --END-- [ RunTime:0.002460s ]
INFO: [ app_begin ] --START--
INFO: Run ReadHtmlCache Behavior [ RunTime:0.001523s ]
INFO: [ app_begin ] --END-- [ RunTime:0.001678s ]
NOTIC: [8] Use of undefined constant png - assumed 'png' /storage/emulated/legacy/www/ssq_yzm_thinkphp/Lib/Action/indexAction.class.php 第 8 行.

[ 2015-10-10T17:28:01+08:00 ] 127.0.0.1 /ssq_yzm_thinkphp/index.php/index/verify
INFO: [ route_check ] --START--
INFO: Run CheckRoute Behavior [ RunTime:0.002270s ]
INFO: [ route_check ] --END-- [ RunTime:0.002480s ]
INFO: [ app_begin ] --START--
INFO: Run ReadHtmlCache Behavior [ RunTime:0.001576s ]
INFO: [ app_begin ] --END-- [ RunTime:0.001732s ]
NOTIC: [8] Use of undefined constant png - assumed 'png' /storage/emulated/legacy/www/ssq_yzm_thinkphp/Lib/Action/indexAction.class.php 第 8 行.

[ 2015-10-10T17:28:02+08:00 ] 127.0.0.1 /ssq_yzm_thinkphp/index.php/index/verify
INFO: [ route_check ] --START--
INFO: Run CheckRoute Behavior [ RunTime:0.002240s ]
INFO: [ route_check ] --END-- [ RunTime:0.002445s ]
INFO: [ app_begin ] --START--
INFO: Run ReadHtmlCache Behavior [ RunTime:0.001489s ]
INFO: [ app_begin ] --END-- [ RunTime:0.001654s ]
NOTIC: [8] Use of undefined constant png - assumed 'png' /storage/emulated/legacy/www/ssq_yzm_thinkphp/Lib/Action/indexAction.class.php 第 8 行.

[ 2015-10-10T17:28:03+08:00 ] 127.0.0.1 /ssq_yzm_thinkphp/index.php/index/verify
INFO: [ route_check ] --START--
INFO: Run CheckRoute Behavior [ RunTime:0.005883s ]
INFO: [ route_check ] --END-- [ RunTime:0.006102s ]
INFO: [ app_begin ] --START--
INFO: Run ReadHtmlCache Behavior [ RunTime:0.004780s ]
INFO: [ app_begin ] --END-- [ RunTime:0.004962s ]
NOTIC: [8] Use of undefined constant png - assumed 'png' /storage/emulated/legacy/www/ssq_yzm_thinkphp/Lib/Action/indexAction.class.php 第 8 行.

[ 2015-10-10T17:28:04+08:00 ] 127.0.0.1 /ssq_yzm_thinkphp/index.php/index/verify
INFO: [ route_check ] --START--
INFO: Run CheckRoute Behavior [ RunTime:0.002061s ]
INFO: [ route_check ] --END-- [ RunTime:0.002264s ]
INFO: [ app_begin ] --START--
INFO: Run ReadHtmlCache Behavior [ RunTime:0.002057s ]
INFO: [ app_begin ] --END-- [ RunTime:0.002223s ]
NOTIC: [8] Use of undefined constant png - assumed 'png' /storage/emulated/legacy/www/ssq_yzm_thinkphp/Lib/Action/indexAction.class.php 第 8 行.

[ 2015-10-10T17:28:05+08:00 ] 127.0.0.1 /ssq_yzm_thinkphp/index.php/index/verify
INFO: [ route_check ] --START--
INFO: Run CheckRoute Behavior [ RunTime:0.002487s ]
INFO: [ route_check ] --END-- [ RunTime:0.002720s ]
INFO: [ app_begin ] --START--
INFO: Run ReadHtmlCache Behavior [ RunTime:0.001724s ]
INFO: [ app_begin ] --END-- [ RunTime:0.001888s ]
NOTIC: [8] Use of undefined constant png - assumed 'png' /storage/emulated/legacy/www/ssq_yzm_thinkphp/Lib/Action/indexAction.class.php 第 8 行.

[ 2015-10-10T17:28:05+08:00 ] 127.0.0.1 /ssq_yzm_thinkphp/index.php/index/verify
INFO: [ route_check ] --START--
INFO: Run CheckRoute Behavior [ RunTime:0.002267s ]
INFO: [ route_check ] --END-- [ RunTime:0.002474s ]
INFO: [ app_begin ] --START--
INFO: Run ReadHtmlCache Behavior [ RunTime:0.001614s ]
INFO: [ app_begin ] --END-- [ RunTime:0.001783s ]
NOTIC: [8] Use of undefined constant png - assumed 'png' /storage/emulated/legacy/www/ssq_yzm_thinkphp/Lib/Action/indexAction.class.php 第 8 行.

[ 2015-10-10T17:28:05+08:00 ] 127.0.0.1 /ssq_yzm_thinkphp/index.php/index/verify
INFO: [ route_check ] --START--
INFO: Run CheckRoute Behavior [ RunTime:0.004061s ]
INFO: [ route_check ] --END-- [ RunTime:0.004310s ]
INFO: [ app_begin ] --START--
INFO: Run ReadHtmlCache Behavior [ RunTime:0.003072s ]
INFO: [ app_begin ] --END-- [ RunTime:0.003285s ]
NOTIC: [8] Use of undefined constant png - assumed 'png' /storage/emulated/legacy/www/ssq_yzm_thinkphp/Lib/Action/indexAction.class.php 第 8 行.

[ 2015-10-10T17:28:06+08:00 ] 127.0.0.1 /ssq_yzm_thinkphp/index.php/index/verify
INFO: [ route_check ] --START--
INFO: Run CheckRoute Behavior [ RunTime:0.007333s ]
INFO: [ route_check ] --END-- [ RunTime:0.007656s ]
INFO: [ app_begin ] --START--
INFO: Run ReadHtmlCache Behavior [ RunTime:0.003602s ]
INFO: [ app_begin ] --END-- [ RunTime:0.003906s ]
NOTIC: [8] Use of undefined constant png - assumed 'png' /storage/emulated/legacy/www/ssq_yzm_thinkphp/Lib/Action/indexAction.class.php 第 8 行.

[ 2015-10-10T17:28:07+08:00 ] 127.0.0.1 /ssq_yzm_thinkphp/index.php/index/verify
INFO: [ route_check ] --START--
INFO: Run CheckRoute Behavior [ RunTime:0.003532s ]
INFO: [ route_check ] --END-- [ RunTime:0.003748s ]
INFO: [ app_begin ] --START--
INFO: Run ReadHtmlCache Behavior [ RunTime:0.002775s ]
INFO: [ app_begin ] --END-- [ RunTime:0.002959s ]
NOTIC: [8] Use of undefined constant png - assumed 'png' /storage/emulated/legacy/www/ssq_yzm_thinkphp/Lib/Action/indexAction.class.php 第 8 行.

