[ 2016-04-29T23:26:27+08:00 ] 192.168.3.103 /dlt%2b3_cipai_yzm_daluan_kongwei_999999999999999/yzm_dlt%2b3_cipai_daluan_kongwei9999999999999/dlt%2b3_cipai_ssq_yzm_gai_thinkphp/
INFO: [ app_begin ] --START--
INFO: Run ReadHtmlCache Behavior [ RunTime:0.002620s ]
INFO: [ app_begin ] --END-- [ RunTime:0.002839s ]
NOTIC: [8] Use of undefined constant png - assumed 'png' /storage/emulated/legacy/www/dlt+3_cipai_yzm_daluan_kongwei_999999999999999/yzm_dlt+3_cipai_daluan_kongwei9999999999999/dlt+3_cipai_ssq_yzm_gai_thinkphp/Lib/Action/IndexAction.class.php 第 6 行.
INFO: [ view_template ] --START--
INFO: Run LocationTemplate Behavior [ RunTime:0.003921s ]
INFO: [ view_template ] --END-- [ RunTime:0.004204s ]
INFO: [ view_parse ] --START--
INFO: Run ParseTemplate Behavior [ RunTime:0.047171s ]
INFO: [ view_parse ] --END-- [ RunTime:0.047415s ]
INFO: [ view_filter ] --START--
INFO: Run ContentReplace Behavior [ RunTime:0.002244s ]
INFO: Run TokenBuild Behavior [ RunTime:0.002103s ]
INFO: Run WriteHtmlCache Behavior [ RunTime:0.001643s ]
INFO: Run ShowRuntime Behavior [ RunTime:0.003357s ]
INFO: [ view_filter ] --END-- [ RunTime:0.010043s ]
INFO: [ view_end ] --START--
INFO: Run ShowPageTrace Behavior [ RunTime:0.005844s ]
INFO: [ view_end ] --END-- [ RunTime:0.006094s ]

[ 2016-04-29T23:26:28+08:00 ] 192.168.3.103 /dlt+3_cipai_yzm_daluan_kongwei_999999999999999/yzm_dlt+3_cipai_daluan_kongwei9999999999999/dlt+3_cipai_ssq_yzm_gai_thinkphp/index.php/Index/index
INFO: [ route_check ] --START--
INFO: Run CheckRoute Behavior [ RunTime:0.005965s ]
INFO: [ route_check ] --END-- [ RunTime:0.006271s ]
INFO: [ app_begin ] --START--
INFO: Run ReadHtmlCache Behavior [ RunTime:0.002864s ]
INFO: [ app_begin ] --END-- [ RunTime:0.003250s ]
NOTIC: [8] Use of undefined constant png - assumed 'png' /storage/emulated/legacy/www/dlt+3_cipai_yzm_daluan_kongwei_999999999999999/yzm_dlt+3_cipai_daluan_kongwei9999999999999/dlt+3_cipai_ssq_yzm_gai_thinkphp/Lib/Action/IndexAction.class.php 第 6 行.
INFO: [ view_template ] --START--
INFO: Run LocationTemplate Behavior [ RunTime:0.002598s ]
INFO: [ view_template ] --END-- [ RunTime:0.002877s ]
INFO: [ view_parse ] --START--
INFO: Run ParseTemplate Behavior [ RunTime:0.053022s ]
INFO: [ view_parse ] --END-- [ RunTime:0.053310s ]
INFO: [ view_filter ] --START--
INFO: Run ContentReplace Behavior [ RunTime:0.002327s ]
INFO: Run TokenBuild Behavior [ RunTime:0.003426s ]
INFO: Run WriteHtmlCache Behavior [ RunTime:0.001805s ]
INFO: Run ShowRuntime Behavior [ RunTime:0.005781s ]
INFO: [ view_filter ] --END-- [ RunTime:0.014083s ]
INFO: [ view_end ] --START--
INFO: Run ShowPageTrace Behavior [ RunTime:0.002566s ]
INFO: [ view_end ] --END-- [ RunTime:0.002808s ]

[ 2016-04-29T23:26:28+08:00 ] 192.168.3.103 /dlt+3_cipai_yzm_daluan_kongwei_999999999999999/yzm_dlt+3_cipai_daluan_kongwei9999999999999/dlt+3_cipai_ssq_yzm_gai_thinkphp/index.php/Index/verify
INFO: [ route_check ] --START--
INFO: Run CheckRoute Behavior [ RunTime:0.003825s ]
INFO: [ route_check ] --END-- [ RunTime:0.004120s ]
INFO: [ app_begin ] --START--
INFO: Run ReadHtmlCache Behavior [ RunTime:0.002461s ]
INFO: [ app_begin ] --END-- [ RunTime:0.002685s ]
NOTIC: [8] Use of undefined constant png - assumed 'png' /storage/emulated/legacy/www/dlt+3_cipai_yzm_daluan_kongwei_999999999999999/yzm_dlt+3_cipai_daluan_kongwei9999999999999/dlt+3_cipai_ssq_yzm_gai_thinkphp/Lib/Action/IndexAction.class.php 第 14 行.

[ 2016-04-29T23:27:11+08:00 ] 192.168.3.103 /dlt%2b3_cipai_yzm_daluan_kongwei_999999999999999/yzm_dlt%2b3_cipai_daluan_kongwei9999999999999/dlt%2b3_cipai_ssq_yzm_gai_thinkphp/
INFO: [ app_begin ] --START--
INFO: Run ReadHtmlCache Behavior [ RunTime:0.002485s ]
INFO: [ app_begin ] --END-- [ RunTime:0.002694s ]
NOTIC: [8] Use of undefined constant png - assumed 'png' /storage/emulated/legacy/www/dlt+3_cipai_yzm_daluan_kongwei_999999999999999/yzm_dlt+3_cipai_daluan_kongwei9999999999999/dlt+3_cipai_ssq_yzm_gai_thinkphp/Lib/Action/IndexAction.class.php 第 6 行.
INFO: [ view_template ] --START--
INFO: Run LocationTemplate Behavior [ RunTime:0.003943s ]
INFO: [ view_template ] --END-- [ RunTime:0.004186s ]
INFO: [ view_parse ] --START--
INFO: Run ParseTemplate Behavior [ RunTime:0.038631s ]
INFO: [ view_parse ] --END-- [ RunTime:0.038872s ]
INFO: [ view_filter ] --START--
INFO: Run ContentReplace Behavior [ RunTime:0.003626s ]
INFO: Run TokenBuild Behavior [ RunTime:0.001833s ]
INFO: Run WriteHtmlCache Behavior [ RunTime:0.001913s ]
INFO: Run ShowRuntime Behavior [ RunTime:0.004887s ]
INFO: [ view_filter ] --END-- [ RunTime:0.013357s ]
INFO: [ view_end ] --START--
INFO: Run ShowPageTrace Behavior [ RunTime:0.003155s ]
INFO: [ view_end ] --END-- [ RunTime:0.004177s ]

[ 2016-04-29T23:27:11+08:00 ] 192.168.3.103 /dlt+3_cipai_yzm_daluan_kongwei_999999999999999/yzm_dlt+3_cipai_daluan_kongwei9999999999999/dlt+3_cipai_ssq_yzm_gai_thinkphp/index.php/Index/index
INFO: [ route_check ] --START--
INFO: Run CheckRoute Behavior [ RunTime:0.008872s ]
INFO: [ route_check ] --END-- [ RunTime:0.009115s ]
INFO: [ app_begin ] --START--
INFO: Run ReadHtmlCache Behavior [ RunTime:0.001823s ]
INFO: [ app_begin ] --END-- [ RunTime:0.002007s ]
NOTIC: [8] Use of undefined constant png - assumed 'png' /storage/emulated/legacy/www/dlt+3_cipai_yzm_daluan_kongwei_999999999999999/yzm_dlt+3_cipai_daluan_kongwei9999999999999/dlt+3_cipai_ssq_yzm_gai_thinkphp/Lib/Action/IndexAction.class.php 第 6 行.
INFO: [ view_template ] --START--
INFO: Run LocationTemplate Behavior [ RunTime:0.001535s ]
INFO: [ view_template ] --END-- [ RunTime:0.001755s ]
INFO: [ view_parse ] --START--
INFO: Run ParseTemplate Behavior [ RunTime:0.021613s ]
INFO: [ view_parse ] --END-- [ RunTime:0.021825s ]
INFO: [ view_filter ] --START--
INFO: Run ContentReplace Behavior [ RunTime:0.001652s ]
INFO: Run TokenBuild Behavior [ RunTime:0.001856s ]
INFO: Run WriteHtmlCache Behavior [ RunTime:0.001451s ]
INFO: Run ShowRuntime Behavior [ RunTime:0.001697s ]
INFO: [ view_filter ] --END-- [ RunTime:0.007366s ]
INFO: [ view_end ] --START--
INFO: Run ShowPageTrace Behavior [ RunTime:0.001883s ]
INFO: [ view_end ] --END-- [ RunTime:0.002077s ]

[ 2016-04-29T23:27:11+08:00 ] 192.168.3.103 /dlt+3_cipai_yzm_daluan_kongwei_999999999999999/yzm_dlt+3_cipai_daluan_kongwei9999999999999/dlt+3_cipai_ssq_yzm_gai_thinkphp/index.php/Index/verify
INFO: [ route_check ] --START--
INFO: Run CheckRoute Behavior [ RunTime:0.004496s ]
INFO: [ route_check ] --END-- [ RunTime:0.004791s ]
INFO: [ app_begin ] --START--
INFO: Run ReadHtmlCache Behavior [ RunTime:0.003117s ]
INFO: [ app_begin ] --END-- [ RunTime:0.003330s ]
NOTIC: [8] Use of undefined constant png - assumed 'png' /storage/emulated/legacy/www/dlt+3_cipai_yzm_daluan_kongwei_999999999999999/yzm_dlt+3_cipai_daluan_kongwei9999999999999/dlt+3_cipai_ssq_yzm_gai_thinkphp/Lib/Action/IndexAction.class.php 第 14 行.

[ 2016-04-29T23:27:15+08:00 ] 192.168.3.103 /dlt%2b3_cipai_yzm_daluan_kongwei_999999999999999/yzm_dlt%2b3_cipai_daluan_kongwei9999999999999/dlt%2b3_cipai_ssq_yzm_gai_thinkphp/
INFO: [ app_begin ] --START--
INFO: Run ReadHtmlCache Behavior [ RunTime:0.001678s ]
INFO: [ app_begin ] --END-- [ RunTime:0.001874s ]
NOTIC: [8] Use of undefined constant png - assumed 'png' /storage/emulated/legacy/www/dlt+3_cipai_yzm_daluan_kongwei_999999999999999/yzm_dlt+3_cipai_daluan_kongwei9999999999999/dlt+3_cipai_ssq_yzm_gai_thinkphp/Lib/Action/IndexAction.class.php 第 6 行.
INFO: [ view_template ] --START--
INFO: Run LocationTemplate Behavior [ RunTime:0.002633s ]
INFO: [ view_template ] --END-- [ RunTime:0.002840s ]
INFO: [ view_parse ] --START--
INFO: Run ParseTemplate Behavior [ RunTime:0.034925s ]
INFO: [ view_parse ] --END-- [ RunTime:0.035159s ]
INFO: [ view_filter ] --START--
INFO: Run ContentReplace Behavior [ RunTime:0.002944s ]
INFO: Run TokenBuild Behavior [ RunTime:0.002685s ]
INFO: Run WriteHtmlCache Behavior [ RunTime:0.002403s ]
INFO: Run ShowRuntime Behavior [ RunTime:0.002775s ]
INFO: [ view_filter ] --END-- [ RunTime:0.011499s ]
INFO: [ view_end ] --START--
INFO: Run ShowPageTrace Behavior [ RunTime:0.004841s ]
INFO: [ view_end ] --END-- [ RunTime:0.005207s ]

[ 2016-04-29T23:27:15+08:00 ] 192.168.3.103 /dlt+3_cipai_yzm_daluan_kongwei_999999999999999/yzm_dlt+3_cipai_daluan_kongwei9999999999999/dlt+3_cipai_ssq_yzm_gai_thinkphp/index.php/Index/index
INFO: [ route_check ] --START--
INFO: Run CheckRoute Behavior [ RunTime:0.002668s ]
INFO: [ route_check ] --END-- [ RunTime:0.003106s ]
INFO: [ app_begin ] --START--
INFO: Run ReadHtmlCache Behavior [ RunTime:0.002881s ]
INFO: [ app_begin ] --END-- [ RunTime:0.003121s ]
NOTIC: [8] Use of undefined constant png - assumed 'png' /storage/emulated/legacy/www/dlt+3_cipai_yzm_daluan_kongwei_999999999999999/yzm_dlt+3_cipai_daluan_kongwei9999999999999/dlt+3_cipai_ssq_yzm_gai_thinkphp/Lib/Action/IndexAction.class.php 第 6 行.
INFO: [ view_template ] --START--
INFO: Run LocationTemplate Behavior [ RunTime:0.001522s ]
INFO: [ view_template ] --END-- [ RunTime:0.001781s ]
INFO: [ view_parse ] --START--
INFO: Run ParseTemplate Behavior [ RunTime:0.034285s ]
INFO: [ view_parse ] --END-- [ RunTime:0.034550s ]
INFO: [ view_filter ] --START--
INFO: Run ContentReplace Behavior [ RunTime:0.002530s ]
INFO: Run TokenBuild Behavior [ RunTime:0.002658s ]
INFO: Run WriteHtmlCache Behavior [ RunTime:0.002148s ]
INFO: Run ShowRuntime Behavior [ RunTime:0.002922s ]
INFO: [ view_filter ] --END-- [ RunTime:0.010869s ]
INFO: [ view_end ] --START--
INFO: Run ShowPageTrace Behavior [ RunTime:0.003194s ]
INFO: [ view_end ] --END-- [ RunTime:0.003363s ]

[ 2016-04-29T23:27:15+08:00 ] 192.168.3.103 /dlt+3_cipai_yzm_daluan_kongwei_999999999999999/yzm_dlt+3_cipai_daluan_kongwei9999999999999/dlt+3_cipai_ssq_yzm_gai_thinkphp/index.php/Index/verify
INFO: [ route_check ] --START--
INFO: Run CheckRoute Behavior [ RunTime:0.004021s ]
INFO: [ route_check ] --END-- [ RunTime:0.004332s ]
INFO: [ app_begin ] --START--
INFO: Run ReadHtmlCache Behavior [ RunTime:0.003038s ]
INFO: [ app_begin ] --END-- [ RunTime:0.003255s ]
NOTIC: [8] Use of undefined constant png - assumed 'png' /storage/emulated/legacy/www/dlt+3_cipai_yzm_daluan_kongwei_999999999999999/yzm_dlt+3_cipai_daluan_kongwei9999999999999/dlt+3_cipai_ssq_yzm_gai_thinkphp/Lib/Action/IndexAction.class.php 第 14 行.

[ 2016-04-29T23:27:17+08:00 ] 192.168.3.103 /dlt%2b3_cipai_yzm_daluan_kongwei_999999999999999/yzm_dlt%2b3_cipai_daluan_kongwei9999999999999/dlt%2b3_cipai_ssq_yzm_gai_thinkphp/
INFO: [ app_begin ] --START--
INFO: Run ReadHtmlCache Behavior [ RunTime:0.002831s ]
INFO: [ app_begin ] --END-- [ RunTime:0.003040s ]
NOTIC: [8] Use of undefined constant png - assumed 'png' /storage/emulated/legacy/www/dlt+3_cipai_yzm_daluan_kongwei_999999999999999/yzm_dlt+3_cipai_daluan_kongwei9999999999999/dlt+3_cipai_ssq_yzm_gai_thinkphp/Lib/Action/IndexAction.class.php 第 6 行.
INFO: [ view_template ] --START--
INFO: Run LocationTemplate Behavior [ RunTime:0.002563s ]
INFO: [ view_template ] --END-- [ RunTime:0.002769s ]
INFO: [ view_parse ] --START--
INFO: Run ParseTemplate Behavior [ RunTime:0.030180s ]
INFO: [ view_parse ] --END-- [ RunTime:0.030390s ]
INFO: [ view_filter ] --START--
INFO: Run ContentReplace Behavior [ RunTime:0.002624s ]
INFO: Run TokenBuild Behavior [ RunTime:0.002346s ]
INFO: Run WriteHtmlCache Behavior [ RunTime:0.002046s ]
INFO: Run ShowRuntime Behavior [ RunTime:0.003444s ]
INFO: [ view_filter ] --END-- [ RunTime:0.011005s ]
INFO: [ view_end ] --START--
INFO: Run ShowPageTrace Behavior [ RunTime:0.002967s ]
INFO: [ view_end ] --END-- [ RunTime:0.003179s ]

[ 2016-04-29T23:27:17+08:00 ] 192.168.3.103 /dlt+3_cipai_yzm_daluan_kongwei_999999999999999/yzm_dlt+3_cipai_daluan_kongwei9999999999999/dlt+3_cipai_ssq_yzm_gai_thinkphp/index.php/Index/index
INFO: [ route_check ] --START--
INFO: Run CheckRoute Behavior [ RunTime:0.003026s ]
INFO: [ route_check ] --END-- [ RunTime:0.003282s ]
INFO: [ app_begin ] --START--
INFO: Run ReadHtmlCache Behavior [ RunTime:0.002067s ]
INFO: [ app_begin ] --END-- [ RunTime:0.002489s ]
NOTIC: [8] Use of undefined constant png - assumed 'png' /storage/emulated/legacy/www/dlt+3_cipai_yzm_daluan_kongwei_999999999999999/yzm_dlt+3_cipai_daluan_kongwei9999999999999/dlt+3_cipai_ssq_yzm_gai_thinkphp/Lib/Action/IndexAction.class.php 第 6 行.
INFO: [ view_template ] --START--
INFO: Run LocationTemplate Behavior [ RunTime:0.001955s ]
INFO: [ view_template ] --END-- [ RunTime:0.002684s ]
INFO: [ view_parse ] --START--
INFO: Run ParseTemplate Behavior [ RunTime:0.027710s ]
INFO: [ view_parse ] --END-- [ RunTime:0.027968s ]
INFO: [ view_filter ] --START--
INFO: Run ContentReplace Behavior [ RunTime:0.001225s ]
INFO: Run TokenBuild Behavior [ RunTime:0.001048s ]
INFO: Run WriteHtmlCache Behavior [ RunTime:0.000764s ]
INFO: Run ShowRuntime Behavior [ RunTime:0.001167s ]
INFO: [ view_filter ] --END-- [ RunTime:0.004668s ]
INFO: [ view_end ] --START--
INFO: Run ShowPageTrace Behavior [ RunTime:0.001718s ]
INFO: [ view_end ] --END-- [ RunTime:0.001879s ]

[ 2016-04-29T23:27:17+08:00 ] 192.168.3.103 /dlt+3_cipai_yzm_daluan_kongwei_999999999999999/yzm_dlt+3_cipai_daluan_kongwei9999999999999/dlt+3_cipai_ssq_yzm_gai_thinkphp/index.php/Index/verify
INFO: [ route_check ] --START--
INFO: Run CheckRoute Behavior [ RunTime:0.002992s ]
INFO: [ route_check ] --END-- [ RunTime:0.003254s ]
INFO: [ app_begin ] --START--
INFO: Run ReadHtmlCache Behavior [ RunTime:0.001815s ]
INFO: [ app_begin ] --END-- [ RunTime:0.002004s ]
NOTIC: [8] Use of undefined constant png - assumed 'png' /storage/emulated/legacy/www/dlt+3_cipai_yzm_daluan_kongwei_999999999999999/yzm_dlt+3_cipai_daluan_kongwei9999999999999/dlt+3_cipai_ssq_yzm_gai_thinkphp/Lib/Action/IndexAction.class.php 第 14 行.

[ 2016-04-29T23:33:33+08:00 ] 192.168.3.103 /dlt%2b3_cipai_yzm_daluan_kongwei_999999999999999/yzm_dlt%2b3_cipai_daluan_kongwei9999999999999/dlt%2b3_cipai_ssq_yzm_gai_thinkphp/
INFO: [ app_begin ] --START--
INFO: Run ReadHtmlCache Behavior [ RunTime:0.005530s ]
INFO: [ app_begin ] --END-- [ RunTime:0.006111s ]
NOTIC: [8] Use of undefined constant png - assumed 'png' /storage/emulated/legacy/www/dlt+3_cipai_yzm_daluan_kongwei_999999999999999/yzm_dlt+3_cipai_daluan_kongwei9999999999999/dlt+3_cipai_ssq_yzm_gai_thinkphp/Lib/Action/IndexAction.class.php 第 6 行.
INFO: [ view_template ] --START--
INFO: Run LocationTemplate Behavior [ RunTime:0.005682s ]
INFO: [ view_template ] --END-- [ RunTime:0.005966s ]
INFO: [ view_parse ] --START--
INFO: Run ParseTemplate Behavior [ RunTime:0.031947s ]
INFO: [ view_parse ] --END-- [ RunTime:0.032184s ]
INFO: [ view_filter ] --START--
INFO: Run ContentReplace Behavior [ RunTime:0.002415s ]
INFO: Run TokenBuild Behavior [ RunTime:0.002813s ]
INFO: Run WriteHtmlCache Behavior [ RunTime:0.001776s ]
INFO: Run ShowRuntime Behavior [ RunTime:0.002085s ]
INFO: [ view_filter ] --END-- [ RunTime:0.009776s ]
INFO: [ view_end ] --START--
INFO: Run ShowPageTrace Behavior [ RunTime:0.002922s ]
INFO: [ view_end ] --END-- [ RunTime:0.003127s ]

[ 2016-04-29T23:33:33+08:00 ] 192.168.3.103 /dlt+3_cipai_yzm_daluan_kongwei_999999999999999/yzm_dlt+3_cipai_daluan_kongwei9999999999999/dlt+3_cipai_ssq_yzm_gai_thinkphp/index.php/Index/index
INFO: [ route_check ] --START--
INFO: Run CheckRoute Behavior [ RunTime:0.002788s ]
INFO: [ route_check ] --END-- [ RunTime:0.003445s ]
INFO: [ app_begin ] --START--
INFO: Run ReadHtmlCache Behavior [ RunTime:0.001892s ]
INFO: [ app_begin ] --END-- [ RunTime:0.002123s ]
NOTIC: [8] Use of undefined constant png - assumed 'png' /storage/emulated/legacy/www/dlt+3_cipai_yzm_daluan_kongwei_999999999999999/yzm_dlt+3_cipai_daluan_kongwei9999999999999/dlt+3_cipai_ssq_yzm_gai_thinkphp/Lib/Action/IndexAction.class.php 第 6 行.
INFO: [ view_template ] --START--
INFO: Run LocationTemplate Behavior [ RunTime:0.001957s ]
INFO: [ view_template ] --END-- [ RunTime:0.002263s ]
INFO: [ view_parse ] --START--
INFO: Run ParseTemplate Behavior [ RunTime:0.023912s ]
INFO: [ view_parse ] --END-- [ RunTime:0.024137s ]
INFO: [ view_filter ] --START--
INFO: Run ContentReplace Behavior [ RunTime:0.001827s ]
INFO: Run TokenBuild Behavior [ RunTime:0.001319s ]
INFO: Run WriteHtmlCache Behavior [ RunTime:0.000992s ]
INFO: Run ShowRuntime Behavior [ RunTime:0.001896s ]
INFO: [ view_filter ] --END-- [ RunTime:0.006763s ]
INFO: [ view_end ] --START--
INFO: Run ShowPageTrace Behavior [ RunTime:0.001969s ]
INFO: [ view_end ] --END-- [ RunTime:0.002158s ]

[ 2016-04-29T23:33:33+08:00 ] 192.168.3.103 /dlt+3_cipai_yzm_daluan_kongwei_999999999999999/yzm_dlt+3_cipai_daluan_kongwei9999999999999/dlt+3_cipai_ssq_yzm_gai_thinkphp/index.php/Index/verify
INFO: [ route_check ] --START--
INFO: Run CheckRoute Behavior [ RunTime:0.003021s ]
INFO: [ route_check ] --END-- [ RunTime:0.003338s ]
INFO: [ app_begin ] --START--
INFO: Run ReadHtmlCache Behavior [ RunTime:0.002407s ]
INFO: [ app_begin ] --END-- [ RunTime:0.002783s ]
NOTIC: [8] Use of undefined constant png - assumed 'png' /storage/emulated/legacy/www/dlt+3_cipai_yzm_daluan_kongwei_999999999999999/yzm_dlt+3_cipai_daluan_kongwei9999999999999/dlt+3_cipai_ssq_yzm_gai_thinkphp/Lib/Action/IndexAction.class.php 第 14 行.

[ 2016-04-29T23:37:55+08:00 ] 192.168.3.103 /dlt%2b3_cipai_yzm_daluan_kongwei_999999999999999/yzm_dlt%2b3_cipai_daluan_kongwei9999999999999/dlt%2b3_cipai_ssq_yzm_gai_thinkphp/
INFO: [ app_begin ] --START--
INFO: Run ReadHtmlCache Behavior [ RunTime:0.001586s ]
INFO: [ app_begin ] --END-- [ RunTime:0.001788s ]
NOTIC: [8] Use of undefined constant png - assumed 'png' /storage/emulated/legacy/www/dlt+3_cipai_yzm_daluan_kongwei_999999999999999/yzm_dlt+3_cipai_daluan_kongwei9999999999999/dlt+3_cipai_ssq_yzm_gai_thinkphp/Lib/Action/IndexAction.class.php 第 6 行.
INFO: [ view_template ] --START--
INFO: Run LocationTemplate Behavior [ RunTime:0.002180s ]
INFO: [ view_template ] --END-- [ RunTime:0.002424s ]
INFO: [ view_parse ] --START--
INFO: Run ParseTemplate Behavior [ RunTime:0.026234s ]
INFO: [ view_parse ] --END-- [ RunTime:0.026464s ]
INFO: [ view_filter ] --START--
INFO: Run ContentReplace Behavior [ RunTime:0.001171s ]
INFO: Run TokenBuild Behavior [ RunTime:0.001503s ]
INFO: Run WriteHtmlCache Behavior [ RunTime:0.000925s ]
INFO: Run ShowRuntime Behavior [ RunTime:0.006975s ]
INFO: [ view_filter ] --END-- [ RunTime:0.011136s ]
INFO: [ view_end ] --START--
INFO: Run ShowPageTrace Behavior [ RunTime:0.002883s ]
INFO: [ view_end ] --END-- [ RunTime:0.003145s ]

[ 2016-04-29T23:37:56+08:00 ] 192.168.3.103 /dlt+3_cipai_yzm_daluan_kongwei_999999999999999/yzm_dlt+3_cipai_daluan_kongwei9999999999999/dlt+3_cipai_ssq_yzm_gai_thinkphp/index.php/Index/index
INFO: [ route_check ] --START--
INFO: Run CheckRoute Behavior [ RunTime:0.008087s ]
INFO: [ route_check ] --END-- [ RunTime:0.008382s ]
INFO: [ app_begin ] --START--
INFO: Run ReadHtmlCache Behavior [ RunTime:0.003566s ]
INFO: [ app_begin ] --END-- [ RunTime:0.003839s ]
NOTIC: [8] Use of undefined constant png - assumed 'png' /storage/emulated/legacy/www/dlt+3_cipai_yzm_daluan_kongwei_999999999999999/yzm_dlt+3_cipai_daluan_kongwei9999999999999/dlt+3_cipai_ssq_yzm_gai_thinkphp/Lib/Action/IndexAction.class.php 第 6 行.
INFO: [ view_template ] --START--
INFO: Run LocationTemplate Behavior [ RunTime:0.004611s ]
INFO: [ view_template ] --END-- [ RunTime:0.004882s ]
INFO: [ view_parse ] --START--
INFO: Run ParseTemplate Behavior [ RunTime:0.041077s ]
INFO: [ view_parse ] --END-- [ RunTime:0.041347s ]
INFO: [ view_filter ] --START--
INFO: Run ContentReplace Behavior [ RunTime:0.002114s ]
INFO: Run TokenBuild Behavior [ RunTime:0.002099s ]
INFO: Run WriteHtmlCache Behavior [ RunTime:0.001822s ]
INFO: Run ShowRuntime Behavior [ RunTime:0.002626s ]
INFO: [ view_filter ] --END-- [ RunTime:0.009275s ]
INFO: [ view_end ] --START--
INFO: Run ShowPageTrace Behavior [ RunTime:0.002918s ]
INFO: [ view_end ] --END-- [ RunTime:0.003119s ]

[ 2016-04-29T23:37:56+08:00 ] 192.168.3.103 /dlt+3_cipai_yzm_daluan_kongwei_999999999999999/yzm_dlt+3_cipai_daluan_kongwei9999999999999/dlt+3_cipai_ssq_yzm_gai_thinkphp/index.php/Index/verify
INFO: [ route_check ] --START--
INFO: Run CheckRoute Behavior [ RunTime:0.003569s ]
INFO: [ route_check ] --END-- [ RunTime:0.003813s ]
INFO: [ app_begin ] --START--
INFO: Run ReadHtmlCache Behavior [ RunTime:0.003092s ]
INFO: [ app_begin ] --END-- [ RunTime:0.003264s ]
NOTIC: [8] Use of undefined constant png - assumed 'png' /storage/emulated/legacy/www/dlt+3_cipai_yzm_daluan_kongwei_999999999999999/yzm_dlt+3_cipai_daluan_kongwei9999999999999/dlt+3_cipai_ssq_yzm_gai_thinkphp/Lib/Action/IndexAction.class.php 第 14 行.

[ 2016-04-29T23:39:08+08:00 ] 192.168.3.103 /dlt%2b3_cipai_yzm_daluan_kongwei_999999999999999/yzm_dlt%2b3_cipai_daluan_kongwei9999999999999/dlt%2b3_cipai_ssq_yzm_gai_thinkphp/
INFO: [ app_begin ] --START--
INFO: Run ReadHtmlCache Behavior [ RunTime:0.003655s ]
INFO: [ app_begin ] --END-- [ RunTime:0.003910s ]
NOTIC: [8] Use of undefined constant png - assumed 'png' /storage/emulated/legacy/www/dlt+3_cipai_yzm_daluan_kongwei_999999999999999/yzm_dlt+3_cipai_daluan_kongwei9999999999999/dlt+3_cipai_ssq_yzm_gai_thinkphp/Lib/Action/IndexAction.class.php 第 6 行.
INFO: [ view_template ] --START--
INFO: Run LocationTemplate Behavior [ RunTime:0.003887s ]
INFO: [ view_template ] --END-- [ RunTime:0.004168s ]
INFO: [ view_parse ] --START--
INFO: Run ParseTemplate Behavior [ RunTime:0.055840s ]
INFO: [ view_parse ] --END-- [ RunTime:0.056127s ]
INFO: [ view_filter ] --START--
INFO: Run ContentReplace Behavior [ RunTime:0.002115s ]
INFO: Run TokenBuild Behavior [ RunTime:0.002632s ]
INFO: Run WriteHtmlCache Behavior [ RunTime:0.002187s ]
INFO: Run ShowRuntime Behavior [ RunTime:0.003262s ]
INFO: [ view_filter ] --END-- [ RunTime:0.010995s ]
INFO: [ view_end ] --START--
INFO: Run ShowPageTrace Behavior [ RunTime:0.003487s ]
INFO: [ view_end ] --END-- [ RunTime:0.003777s ]

[ 2016-04-29T23:39:08+08:00 ] 192.168.3.103 /dlt+3_cipai_yzm_daluan_kongwei_999999999999999/yzm_dlt+3_cipai_daluan_kongwei9999999999999/dlt+3_cipai_ssq_yzm_gai_thinkphp/index.php/Index/index
INFO: [ route_check ] --START--
INFO: Run CheckRoute Behavior [ RunTime:0.003484s ]
INFO: [ route_check ] --END-- [ RunTime:0.003756s ]
INFO: [ app_begin ] --START--
INFO: Run ReadHtmlCache Behavior [ RunTime:0.001938s ]
INFO: [ app_begin ] --END-- [ RunTime:0.002134s ]
NOTIC: [8] Use of undefined constant png - assumed 'png' /storage/emulated/legacy/www/dlt+3_cipai_yzm_daluan_kongwei_999999999999999/yzm_dlt+3_cipai_daluan_kongwei9999999999999/dlt+3_cipai_ssq_yzm_gai_thinkphp/Lib/Action/IndexAction.class.php 第 6 行.
INFO: [ view_template ] --START--
INFO: Run LocationTemplate Behavior [ RunTime:0.001238s ]
INFO: [ view_template ] --END-- [ RunTime:0.001458s ]
INFO: [ view_parse ] --START--
INFO: Run ParseTemplate Behavior [ RunTime:0.021707s ]
INFO: [ view_parse ] --END-- [ RunTime:0.021917s ]
INFO: [ view_filter ] --START--
INFO: Run ContentReplace Behavior [ RunTime:0.001146s ]
INFO: Run TokenBuild Behavior [ RunTime:0.001139s ]
INFO: Run WriteHtmlCache Behavior [ RunTime:0.000809s ]
INFO: Run ShowRuntime Behavior [ RunTime:0.002083s ]
INFO: [ view_filter ] --END-- [ RunTime:0.005712s ]
INFO: [ view_end ] --START--
INFO: Run ShowPageTrace Behavior [ RunTime:0.003188s ]
INFO: [ view_end ] --END-- [ RunTime:0.003407s ]

[ 2016-04-29T23:39:08+08:00 ] 192.168.3.103 /dlt+3_cipai_yzm_daluan_kongwei_999999999999999/yzm_dlt+3_cipai_daluan_kongwei9999999999999/dlt+3_cipai_ssq_yzm_gai_thinkphp/index.php/Index/verify
INFO: [ route_check ] --START--
INFO: Run CheckRoute Behavior [ RunTime:0.006257s ]
INFO: [ route_check ] --END-- [ RunTime:0.006528s ]
INFO: [ app_begin ] --START--
INFO: Run ReadHtmlCache Behavior [ RunTime:0.002631s ]
INFO: [ app_begin ] --END-- [ RunTime:0.002900s ]
NOTIC: [8] Use of undefined constant png - assumed 'png' /storage/emulated/legacy/www/dlt+3_cipai_yzm_daluan_kongwei_999999999999999/yzm_dlt+3_cipai_daluan_kongwei9999999999999/dlt+3_cipai_ssq_yzm_gai_thinkphp/Lib/Action/IndexAction.class.php 第 14 行.

[ 2016-04-29T23:55:03+08:00 ] 192.168.3.103 /dlt%2b3_cipai_yzm_daluan_kongwei_999999999999999/yzm_dlt%2b3_cipai_daluan_kongwei9999999999999/dlt%2b3_cipai_ssq_yzm_gai_thinkphp/
INFO: [ app_begin ] --START--
INFO: Run ReadHtmlCache Behavior [ RunTime:0.001562s ]
INFO: [ app_begin ] --END-- [ RunTime:0.001759s ]
NOTIC: [8] Use of undefined constant png - assumed 'png' /storage/emulated/legacy/www/dlt+3_cipai_yzm_daluan_kongwei_999999999999999/yzm_dlt+3_cipai_daluan_kongwei9999999999999/dlt+3_cipai_ssq_yzm_gai_thinkphp/Lib/Action/IndexAction.class.php 第 6 行.
INFO: [ view_template ] --START--
INFO: Run LocationTemplate Behavior [ RunTime:0.001459s ]
INFO: [ view_template ] --END-- [ RunTime:0.001671s ]
INFO: [ view_parse ] --START--
INFO: Run ParseTemplate Behavior [ RunTime:0.020514s ]
INFO: [ view_parse ] --END-- [ RunTime:0.020708s ]
INFO: [ view_filter ] --START--
INFO: Run ContentReplace Behavior [ RunTime:0.000989s ]
INFO: Run TokenBuild Behavior [ RunTime:0.001400s ]
INFO: Run WriteHtmlCache Behavior [ RunTime:0.001270s ]
INFO: Run ShowRuntime Behavior [ RunTime:0.001931s ]
INFO: [ view_filter ] --END-- [ RunTime:0.006158s ]
INFO: [ view_end ] --START--
INFO: Run ShowPageTrace Behavior [ RunTime:0.002309s ]
INFO: [ view_end ] --END-- [ RunTime:0.002547s ]

[ 2016-04-29T23:55:03+08:00 ] 192.168.3.103 /dlt+3_cipai_yzm_daluan_kongwei_999999999999999/yzm_dlt+3_cipai_daluan_kongwei9999999999999/dlt+3_cipai_ssq_yzm_gai_thinkphp/index.php/Index/index
INFO: [ route_check ] --START--
INFO: Run CheckRoute Behavior [ RunTime:0.002946s ]
INFO: [ route_check ] --END-- [ RunTime:0.003217s ]
INFO: [ app_begin ] --START--
INFO: Run ReadHtmlCache Behavior [ RunTime:0.002050s ]
INFO: [ app_begin ] --END-- [ RunTime:0.002319s ]
NOTIC: [8] Use of undefined constant png - assumed 'png' /storage/emulated/legacy/www/dlt+3_cipai_yzm_daluan_kongwei_999999999999999/yzm_dlt+3_cipai_daluan_kongwei9999999999999/dlt+3_cipai_ssq_yzm_gai_thinkphp/Lib/Action/IndexAction.class.php 第 6 行.
INFO: [ view_template ] --START--
INFO: Run LocationTemplate Behavior [ RunTime:0.001856s ]
INFO: [ view_template ] --END-- [ RunTime:0.002114s ]
INFO: [ view_parse ] --START--
INFO: Run ParseTemplate Behavior [ RunTime:0.029543s ]
INFO: [ view_parse ] --END-- [ RunTime:0.030365s ]
INFO: [ view_filter ] --START--
INFO: Run ContentReplace Behavior [ RunTime:0.001918s ]
INFO: Run TokenBuild Behavior [ RunTime:0.002438s ]
INFO: Run WriteHtmlCache Behavior [ RunTime:0.001245s ]
INFO: Run ShowRuntime Behavior [ RunTime:0.003795s ]
INFO: [ view_filter ] --END-- [ RunTime:0.010185s ]
INFO: [ view_end ] --START--
INFO: Run ShowPageTrace Behavior [ RunTime:0.003311s ]
INFO: [ view_end ] --END-- [ RunTime:0.003559s ]

[ 2016-04-29T23:55:03+08:00 ] 192.168.3.103 /dlt+3_cipai_yzm_daluan_kongwei_999999999999999/yzm_dlt+3_cipai_daluan_kongwei9999999999999/dlt+3_cipai_ssq_yzm_gai_thinkphp/index.php/Index/verify
INFO: [ route_check ] --START--
INFO: Run CheckRoute Behavior [ RunTime:0.004369s ]
INFO: [ route_check ] --END-- [ RunTime:0.004722s ]
INFO: [ app_begin ] --START--
INFO: Run ReadHtmlCache Behavior [ RunTime:0.002356s ]
INFO: [ app_begin ] --END-- [ RunTime:0.002672s ]
NOTIC: [8] Use of undefined constant png - assumed 'png' /storage/emulated/legacy/www/dlt+3_cipai_yzm_daluan_kongwei_999999999999999/yzm_dlt+3_cipai_daluan_kongwei9999999999999/dlt+3_cipai_ssq_yzm_gai_thinkphp/Lib/Action/IndexAction.class.php 第 14 行.

[ 2016-04-29T23:56:21+08:00 ] 192.168.3.103 /dlt%2b3_cipai_yzm_daluan_kongwei_999999999999999/yzm_dlt%2b3_cipai_daluan_kongwei9999999999999/dlt%2b3_cipai_ssq_yzm_gai_thinkphp/
INFO: [ app_begin ] --START--
INFO: Run ReadHtmlCache Behavior [ RunTime:0.003070s ]
INFO: [ app_begin ] --END-- [ RunTime:0.003912s ]
NOTIC: [8] Use of undefined constant png - assumed 'png' /storage/emulated/legacy/www/dlt+3_cipai_yzm_daluan_kongwei_999999999999999/yzm_dlt+3_cipai_daluan_kongwei9999999999999/dlt+3_cipai_ssq_yzm_gai_thinkphp/Lib/Action/IndexAction.class.php 第 6 行.
INFO: [ view_template ] --START--
INFO: Run LocationTemplate Behavior [ RunTime:0.005133s ]
INFO: [ view_template ] --END-- [ RunTime:0.005577s ]
INFO: [ view_parse ] --START--
INFO: Run ParseTemplate Behavior [ RunTime:0.035211s ]
INFO: [ view_parse ] --END-- [ RunTime:0.035468s ]
INFO: [ view_filter ] --START--
INFO: Run ContentReplace Behavior [ RunTime:0.001167s ]
INFO: Run TokenBuild Behavior [ RunTime:0.001061s ]
INFO: Run WriteHtmlCache Behavior [ RunTime:0.000786s ]
INFO: Run ShowRuntime Behavior [ RunTime:0.001445s ]
INFO: [ view_filter ] --END-- [ RunTime:0.004908s ]
INFO: [ view_end ] --START--
INFO: Run ShowPageTrace Behavior [ RunTime:0.004045s ]
INFO: [ view_end ] --END-- [ RunTime:0.004331s ]

[ 2016-04-29T23:56:22+08:00 ] 192.168.3.103 /dlt+3_cipai_yzm_daluan_kongwei_999999999999999/yzm_dlt+3_cipai_daluan_kongwei9999999999999/dlt+3_cipai_ssq_yzm_gai_thinkphp/index.php/Index/index
INFO: [ route_check ] --START--
INFO: Run CheckRoute Behavior [ RunTime:0.003687s ]
INFO: [ route_check ] --END-- [ RunTime:0.004032s ]
INFO: [ app_begin ] --START--
INFO: Run ReadHtmlCache Behavior [ RunTime:0.002572s ]
INFO: [ app_begin ] --END-- [ RunTime:0.002833s ]
NOTIC: [8] Use of undefined constant png - assumed 'png' /storage/emulated/legacy/www/dlt+3_cipai_yzm_daluan_kongwei_999999999999999/yzm_dlt+3_cipai_daluan_kongwei9999999999999/dlt+3_cipai_ssq_yzm_gai_thinkphp/Lib/Action/IndexAction.class.php 第 6 行.
INFO: [ view_template ] --START--
INFO: Run LocationTemplate Behavior [ RunTime:0.003031s ]
INFO: [ view_template ] --END-- [ RunTime:0.003359s ]
INFO: [ view_parse ] --START--
INFO: Run ParseTemplate Behavior [ RunTime:0.029334s ]
INFO: [ view_parse ] --END-- [ RunTime:0.029573s ]
INFO: [ view_filter ] --START--
INFO: Run ContentReplace Behavior [ RunTime:0.002533s ]
INFO: Run TokenBuild Behavior [ RunTime:0.002697s ]
INFO: Run WriteHtmlCache Behavior [ RunTime:0.001847s ]
INFO: Run ShowRuntime Behavior [ RunTime:0.002402s ]
INFO: [ view_filter ] --END-- [ RunTime:0.010114s ]
INFO: [ view_end ] --START--
INFO: Run ShowPageTrace Behavior [ RunTime:0.002775s ]
INFO: [ view_end ] --END-- [ RunTime:0.002965s ]

[ 2016-04-29T23:56:22+08:00 ] 192.168.3.103 /dlt+3_cipai_yzm_daluan_kongwei_999999999999999/yzm_dlt+3_cipai_daluan_kongwei9999999999999/dlt+3_cipai_ssq_yzm_gai_thinkphp/index.php/Index/verify
INFO: [ route_check ] --START--
INFO: Run CheckRoute Behavior [ RunTime:0.003426s ]
INFO: [ route_check ] --END-- [ RunTime:0.003731s ]
INFO: [ app_begin ] --START--
INFO: Run ReadHtmlCache Behavior [ RunTime:0.002950s ]
INFO: [ app_begin ] --END-- [ RunTime:0.003204s ]
NOTIC: [8] Use of undefined constant png - assumed 'png' /storage/emulated/legacy/www/dlt+3_cipai_yzm_daluan_kongwei_999999999999999/yzm_dlt+3_cipai_daluan_kongwei9999999999999/dlt+3_cipai_ssq_yzm_gai_thinkphp/Lib/Action/IndexAction.class.php 第 14 行.

